16:08:18 **** Build of configuration Debug for project CAN_TEST_2 ****
make -j16 all 
arm-none-eabi-gcc "C:/Users/hukas/STM32Cube/Repository/STM32Cube_FW_F3_V1.11.5/Drivers/STM32F3xx_HAL_Driver/Src/stm32f3xx_hal.c" -mcpu=cortex-m4 -std=gnu11 -g3 -DDEBUG -DUSE_HAL_DRIVER -DSTM32F303x8 -c -I../Core/Inc -IC:/Users/hukas/STM32Cube/Repository/STM32Cube_FW_F3_V1.11.5/Drivers/STM32F3xx_HAL_Driver/Inc -IC:/Users/hukas/STM32Cube/Repository/STM32Cube_FW_F3_V1.11.5/Drivers/STM32F3xx_HAL_Driver/Inc/Legacy -IC:/Users/hukas/STM32Cube/Repository/STM32Cube_FW_F3_V1.11.5/Drivers/CMSIS/Device/ST/STM32F3xx/Include -IC:/Users/hukas/STM32Cube/Repository/STM32Cube_FW_F3_V1.11.5/Drivers/CMSIS/Include -O0 -ffunction-sections -fdata-sections -Wall -fstack-usage -fcyclomatic-complexity -MMD -MP -MF"Drivers/STM32F3xx_HAL_Driver/stm32f3xx_hal.d" -MT"Drivers/STM32F3xx_HAL_Driver/stm32f3xx_hal.o" --specs=nano.specs -mfpu=fpv4-sp-d16 -mfloat-abi=hard -mthumb -o "Drivers/STM32F3xx_HAL_Driver/stm32f3xx_hal.o"
arm-none-eabi-gcc "C:/Users/hukas/STM32Cube/Repository/STM32Cube_FW_F3_V1.11.5/Drivers/STM32F3xx_HAL_Driver/Src/stm32f3xx_hal_can.c" -mcpu=cortex-m4 -std=gnu11 -g3 -DDEBUG -DUSE_HAL_DRIVER -DSTM32F303x8 -c -I../Core/Inc -IC:/Users/hukas/STM32Cube/Repository/STM32Cube_FW_F3_V1.11.5/Drivers/STM32F3xx_HAL_Driver/Inc -IC:/Users/hukas/STM32Cube/Repository/STM32Cube_FW_F3_V1.11.5/Drivers/STM32F3xx_HAL_Driver/Inc/Legacy -IC:/Users/hukas/STM32Cube/Repository/STM32Cube_FW_F3_V1.11.5/Drivers/CMSIS/Device/ST/STM32F3xx/Include -IC:/Users/hukas/STM32Cube/Repository/STM32Cube_FW_F3_V1.11.5/Drivers/CMSIS/Include -O0 -ffunction-sections -fdata-sections -Wall -fstack-usage -fcyclomatic-complexity -MMD -MP -MF"Drivers/STM32F3xx_HAL_Driver/stm32f3xx_hal_can.d" -MT"Drivers/STM32F3xx_HAL_Driver/stm32f3xx_hal_can.o" --specs=nano.specs -mfpu=fpv4-sp-d16 -mfloat-abi=hard -mthumb -o "Drivers/STM32F3xx_HAL_Driver/stm32f3xx_hal_can.o"
arm-none-eabi-gcc "C:/Users/hukas/STM32Cube/Repository/STM32Cube_FW_F3_V1.11.5/Drivers/STM32F3xx_HAL_Driver/Src/stm32f3xx_hal_cortex.c" -mcpu=cortex-m4 -std=gnu11 -g3 -DDEBUG -DUSE_HAL_DRIVER -DSTM32F303x8 -c -I../Core/Inc -IC:/Users/hukas/STM32Cube/Repository/STM32Cube_FW_F3_V1.11.5/Drivers/STM32F3xx_HAL_Driver/Inc -IC:/Users/hukas/STM32Cube/Repository/STM32Cube_FW_F3_V1.11.5/Drivers/STM32F3xx_HAL_Driver/Inc/Legacy -IC:/Users/hukas/STM32Cube/Repository/STM32Cube_FW_F3_V1.11.5/Drivers/CMSIS/Device/ST/STM32F3xx/Include -IC:/Users/hukas/STM32Cube/Repository/STM32Cube_FW_F3_V1.11.5/Drivers/CMSIS/Include -O0 -ffunction-sections -fdata-sections -Wall -fstack-usage -fcyclomatic-complexity -MMD -MP -MF"Drivers/STM32F3xx_HAL_Driver/stm32f3xx_hal_cortex.d" -MT"Drivers/STM32F3xx_HAL_Driver/stm32f3xx_hal_cortex.o" --specs=nano.specs -mfpu=fpv4-sp-d16 -mfloat-abi=hard -mthumb -o "Drivers/STM32F3xx_HAL_Driver/stm32f3xx_hal_cortex.o"
arm-none-eabi-gcc "C:/Users/hukas/STM32Cube/Repository/STM32Cube_FW_F3_V1.11.5/Drivers/STM32F3xx_HAL_Driver/Src/stm32f3xx_hal_dma.c" -mcpu=cortex-m4 -std=gnu11 -g3 -DDEBUG -DUSE_HAL_DRIVER -DSTM32F303x8 -c -I../Core/Inc -IC:/Users/hukas/STM32Cube/Repository/STM32Cube_FW_F3_V1.11.5/Drivers/STM32F3xx_HAL_Driver/Inc -IC:/Users/hukas/STM32Cube/Repository/STM32Cube_FW_F3_V1.11.5/Drivers/STM32F3xx_HAL_Driver/Inc/Legacy -IC:/Users/hukas/STM32Cube/Repository/STM32Cube_FW_F3_V1.11.5/Drivers/CMSIS/Device/ST/STM32F3xx/Include -IC:/Users/hukas/STM32Cube/Repository/STM32Cube_FW_F3_V1.11.5/Drivers/CMSIS/Include -O0 -ffunction-sections -fdata-sections -Wall -fstack-usage -fcyclomatic-complexity -MMD -MP -MF"Drivers/STM32F3xx_HAL_Driver/stm32f3xx_hal_dma.d" -MT"Drivers/STM32F3xx_HAL_Driver/stm32f3xx_hal_dma.o" --specs=nano.specs -mfpu=fpv4-sp-d16 -mfloat-abi=hard -mthumb -o "Drivers/STM32F3xx_HAL_Driver/stm32f3xx_hal_dma.o"
arm-none-eabi-gcc "C:/Users/hukas/STM32Cube/Repository/STM32Cube_FW_F3_V1.11.5/Drivers/STM32F3xx_HAL_Driver/Src/stm32f3xx_hal_exti.c" -mcpu=cortex-m4 -std=gnu11 -g3 -DDEBUG -DUSE_HAL_DRIVER -DSTM32F303x8 -c -I../Core/Inc -IC:/Users/hukas/STM32Cube/Repository/STM32Cube_FW_F3_V1.11.5/Drivers/STM32F3xx_HAL_Driver/Inc -IC:/Users/hukas/STM32Cube/Repository/STM32Cube_FW_F3_V1.11.5/Drivers/STM32F3xx_HAL_Driver/Inc/Legacy -IC:/Users/hukas/STM32Cube/Repository/STM32Cube_FW_F3_V1.11.5/Drivers/CMSIS/Device/ST/STM32F3xx/Include -IC:/Users/hukas/STM32Cube/Repository/STM32Cube_FW_F3_V1.11.5/Drivers/CMSIS/Include -O0 -ffunction-sections -fdata-sections -Wall -fstack-usage -fcyclomatic-complexity -MMD -MP -MF"Drivers/STM32F3xx_HAL_Driver/stm32f3xx_hal_exti.d" -MT"Drivers/STM32F3xx_HAL_Driver/stm32f3xx_hal_exti.o" --specs=nano.specs -mfpu=fpv4-sp-d16 -mfloat-abi=hard -mthumb -o "Drivers/STM32F3xx_HAL_Driver/stm32f3xx_hal_exti.o"
arm-none-eabi-gcc "C:/Users/hukas/STM32Cube/Repository/STM32Cube_FW_F3_V1.11.5/Drivers/STM32F3xx_HAL_Driver/Src/stm32f3xx_hal_flash.c" -mcpu=cortex-m4 -std=gnu11 -g3 -DDEBUG -DUSE_HAL_DRIVER -DSTM32F303x8 -c -I../Core/Inc -IC:/Users/hukas/STM32Cube/Repository/STM32Cube_FW_F3_V1.11.5/Drivers/STM32F3xx_HAL_Driver/Inc -IC:/Users/hukas/STM32Cube/Repository/STM32Cube_FW_F3_V1.11.5/Drivers/STM32F3xx_HAL_Driver/Inc/Legacy -IC:/Users/hukas/STM32Cube/Repository/STM32Cube_FW_F3_V1.11.5/Drivers/CMSIS/Device/ST/STM32F3xx/Include -IC:/Users/hukas/STM32Cube/Repository/STM32Cube_FW_F3_V1.11.5/Drivers/CMSIS/Include -O0 -ffunction-sections -fdata-sections -Wall -fstack-usage -fcyclomatic-complexity -MMD -MP -MF"Drivers/STM32F3xx_HAL_Driver/stm32f3xx_hal_flash.d" -MT"Drivers/STM32F3xx_HAL_Driver/stm32f3xx_hal_flash.o" --specs=nano.specs -mfpu=fpv4-sp-d16 -mfloat-abi=hard -mthumb -o "Drivers/STM32F3xx_HAL_Driver/stm32f3xx_hal_flash.o"
arm-none-eabi-gcc "C:/Users/hukas/STM32Cube/Repository/STM32Cube_FW_F3_V1.11.5/Drivers/STM32F3xx_HAL_Driver/Src/stm32f3xx_hal_flash_ex.c" -mcpu=cortex-m4 -std=gnu11 -g3 -DDEBUG -DUSE_HAL_DRIVER -DSTM32F303x8 -c -I../Core/Inc -IC:/Users/hukas/STM32Cube/Repository/STM32Cube_FW_F3_V1.11.5/Drivers/STM32F3xx_HAL_Driver/Inc -IC:/Users/hukas/STM32Cube/Repository/STM32Cube_FW_F3_V1.11.5/Drivers/STM32F3xx_HAL_Driver/Inc/Legacy -IC:/Users/hukas/STM32Cube/Repository/STM32Cube_FW_F3_V1.11.5/Drivers/CMSIS/Device/ST/STM32F3xx/Include -IC:/Users/hukas/STM32Cube/Repository/STM32Cube_FW_F3_V1.11.5/Drivers/CMSIS/Include -O0 -ffunction-sections -fdata-sections -Wall -fstack-usage -fcyclomatic-complexity -MMD -MP -MF"Drivers/STM32F3xx_HAL_Driver/stm32f3xx_hal_flash_ex.d" -MT"Drivers/STM32F3xx_HAL_Driver/stm32f3xx_hal_flash_ex.o" --specs=nano.specs -mfpu=fpv4-sp-d16 -mfloat-abi=hard -mthumb -o "Drivers/STM32F3xx_HAL_Driver/stm32f3xx_hal_flash_ex.o"
arm-none-eabi-gcc "C:/Users/hukas/STM32Cube/Repository/STM32Cube_FW_F3_V1.11.5/Drivers/STM32F3xx_HAL_Driver/Src/stm32f3xx_hal_gpio.c" -mcpu=cortex-m4 -std=gnu11 -g3 -DDEBUG -DUSE_HAL_DRIVER -DSTM32F303x8 -c -I../Core/Inc -IC:/Users/hukas/STM32Cube/Repository/STM32Cube_FW_F3_V1.11.5/Drivers/STM32F3xx_HAL_Driver/Inc -IC:/Users/hukas/STM32Cube/Repository/STM32Cube_FW_F3_V1.11.5/Drivers/STM32F3xx_HAL_Driver/Inc/Legacy -IC:/Users/hukas/STM32Cube/Repository/STM32Cube_FW_F3_V1.11.5/Drivers/CMSIS/Device/ST/STM32F3xx/Include -IC:/Users/hukas/STM32Cube/Repository/STM32Cube_FW_F3_V1.11.5/Drivers/CMSIS/Include -O0 -ffunction-sections -fdata-sections -Wall -fstack-usage -fcyclomatic-complexity -MMD -MP -MF"Drivers/STM32F3xx_HAL_Driver/stm32f3xx_hal_gpio.d" -MT"Drivers/STM32F3xx_HAL_Driver/stm32f3xx_hal_gpio.o" --specs=nano.specs -mfpu=fpv4-sp-d16 -mfloat-abi=hard -mthumb -o "Drivers/STM32F3xx_HAL_Driver/stm32f3xx_hal_gpio.o"
arm-none-eabi-gcc "C:/Users/hukas/STM32Cube/Repository/STM32Cube_FW_F3_V1.11.5/Drivers/STM32F3xx_HAL_Driver/Src/stm32f3xx_hal_i2c.c" -mcpu=cortex-m4 -std=gnu11 -g3 -DDEBUG -DUSE_HAL_DRIVER -DSTM32F303x8 -c -I../Core/Inc -IC:/Users/hukas/STM32Cube/Repository/STM32Cube_FW_F3_V1.11.5/Drivers/STM32F3xx_HAL_Driver/Inc -IC:/Users/hukas/STM32Cube/Repository/STM32Cube_FW_F3_V1.11.5/Drivers/STM32F3xx_HAL_Driver/Inc/Legacy -IC:/Users/hukas/STM32Cube/Repository/STM32Cube_FW_F3_V1.11.5/Drivers/CMSIS/Device/ST/STM32F3xx/Include -IC:/Users/hukas/STM32Cube/Repository/STM32Cube_FW_F3_V1.11.5/Drivers/CMSIS/Include -O0 -ffunction-sections -fdata-sections -Wall -fstack-usage -fcyclomatic-complexity -MMD -MP -MF"Drivers/STM32F3xx_HAL_Driver/stm32f3xx_hal_i2c.d" -MT"Drivers/STM32F3xx_HAL_Driver/stm32f3xx_hal_i2c.o" --specs=nano.specs -mfpu=fpv4-sp-d16 -mfloat-abi=hard -mthumb -o "Drivers/STM32F3xx_HAL_Driver/stm32f3xx_hal_i2c.o"
arm-none-eabi-gcc "C:/Users/hukas/STM32Cube/Repository/STM32Cube_FW_F3_V1.11.5/Drivers/STM32F3xx_HAL_Driver/Src/stm32f3xx_hal_i2c_ex.c" -mcpu=cortex-m4 -std=gnu11 -g3 -DDEBUG -DUSE_HAL_DRIVER -DSTM32F303x8 -c -I../Core/Inc -IC:/Users/hukas/STM32Cube/Repository/STM32Cube_FW_F3_V1.11.5/Drivers/STM32F3xx_HAL_Driver/Inc -IC:/Users/hukas/STM32Cube/Repository/STM32Cube_FW_F3_V1.11.5/Drivers/STM32F3xx_HAL_Driver/Inc/Legacy -IC:/Users/hukas/STM32Cube/Repository/STM32Cube_FW_F3_V1.11.5/Drivers/CMSIS/Device/ST/STM32F3xx/Include -IC:/Users/hukas/STM32Cube/Repository/STM32Cube_FW_F3_V1.11.5/Drivers/CMSIS/Include -O0 -ffunction-sections -fdata-sections -Wall -fstack-usage -fcyclomatic-complexity -MMD -MP -MF"Drivers/STM32F3xx_HAL_Driver/stm32f3xx_hal_i2c_ex.d" -MT"Drivers/STM32F3xx_HAL_Driver/stm32f3xx_hal_i2c_ex.o" --specs=nano.specs -mfpu=fpv4-sp-d16 -mfloat-abi=hard -mthumb -o "Drivers/STM32F3xx_HAL_Driver/stm32f3xx_hal_i2c_ex.o"
arm-none-eabi-gcc "C:/Users/hukas/STM32Cube/Repository/STM32Cube_FW_F3_V1.11.5/Drivers/STM32F3xx_HAL_Driver/Src/stm32f3xx_hal_pwr.c" -mcpu=cortex-m4 -std=gnu11 -g3 -DDEBUG -DUSE_HAL_DRIVER -DSTM32F303x8 -c -I../Core/Inc -IC:/Users/hukas/STM32Cube/Repository/STM32Cube_FW_F3_V1.11.5/Drivers/STM32F3xx_HAL_Driver/Inc -IC:/Users/hukas/STM32Cube/Repository/STM32Cube_FW_F3_V1.11.5/Drivers/STM32F3xx_HAL_Driver/Inc/Legacy -IC:/Users/hukas/STM32Cube/Repository/STM32Cube_FW_F3_V1.11.5/Drivers/CMSIS/Device/ST/STM32F3xx/Include -IC:/Users/hukas/STM32Cube/Repository/STM32Cube_FW_F3_V1.11.5/Drivers/CMSIS/Include -O0 -ffunction-sections -fdata-sections -Wall -fstack-usage -fcyclomatic-complexity -MMD -MP -MF"Drivers/STM32F3xx_HAL_Driver/stm32f3xx_hal_pwr.d" -MT"Drivers/STM32F3xx_HAL_Driver/stm32f3xx_hal_pwr.o" --specs=nano.specs -mfpu=fpv4-sp-d16 -mfloat-abi=hard -mthumb -o "Drivers/STM32F3xx_HAL_Driver/stm32f3xx_hal_pwr.o"
arm-none-eabi-gcc "C:/Users/hukas/STM32Cube/Repository/STM32Cube_FW_F3_V1.11.5/Drivers/STM32F3xx_HAL_Driver/Src/stm32f3xx_hal_pwr_ex.c" -mcpu=cortex-m4 -std=gnu11 -g3 -DDEBUG -DUSE_HAL_DRIVER -DSTM32F303x8 -c -I../Core/Inc -IC:/Users/hukas/STM32Cube/Repository/STM32Cube_FW_F3_V1.11.5/Drivers/STM32F3xx_HAL_Driver/Inc -IC:/Users/hukas/STM32Cube/Repository/STM32Cube_FW_F3_V1.11.5/Drivers/STM32F3xx_HAL_Driver/Inc/Legacy -IC:/Users/hukas/STM32Cube/Repository/STM32Cube_FW_F3_V1.11.5/Drivers/CMSIS/Device/ST/STM32F3xx/Include -IC:/Users/hukas/STM32Cube/Repository/STM32Cube_FW_F3_V1.11.5/Drivers/CMSIS/Include -O0 -ffunction-sections -fdata-sections -Wall -fstack-usage -fcyclomatic-complexity -MMD -MP -MF"Drivers/STM32F3xx_HAL_Driver/stm32f3xx_hal_pwr_ex.d" -MT"Drivers/STM32F3xx_HAL_Driver/stm32f3xx_hal_pwr_ex.o" --specs=nano.specs -mfpu=fpv4-sp-d16 -mfloat-abi=hard -mthumb -o "Drivers/STM32F3xx_HAL_Driver/stm32f3xx_hal_pwr_ex.o"
arm-none-eabi-gcc "C:/Users/hukas/STM32Cube/Repository/STM32Cube_FW_F3_V1.11.5/Drivers/STM32F3xx_HAL_Driver/Src/stm32f3xx_hal_rcc.c" -mcpu=cortex-m4 -std=gnu11 -g3 -DDEBUG -DUSE_HAL_DRIVER -DSTM32F303x8 -c -I../Core/Inc -IC:/Users/hukas/STM32Cube/Repository/STM32Cube_FW_F3_V1.11.5/Drivers/STM32F3xx_HAL_Driver/Inc -IC:/Users/hukas/STM32Cube/Repository/STM32Cube_FW_F3_V1.11.5/Drivers/STM32F3xx_HAL_Driver/Inc/Legacy -IC:/Users/hukas/STM32Cube/Repository/STM32Cube_FW_F3_V1.11.5/Drivers/CMSIS/Device/ST/STM32F3xx/Include -IC:/Users/hukas/STM32Cube/Repository/STM32Cube_FW_F3_V1.11.5/Drivers/CMSIS/Include -O0 -ffunction-sections -fdata-sections -Wall -fstack-usage -fcyclomatic-complexity -MMD -MP -MF"Drivers/STM32F3xx_HAL_Driver/stm32f3xx_hal_rcc.d" -MT"Drivers/STM32F3xx_HAL_Driver/stm32f3xx_hal_rcc.o" --specs=nano.specs -mfpu=fpv4-sp-d16 -mfloat-abi=hard -mthumb -o "Drivers/STM32F3xx_HAL_Driver/stm32f3xx_hal_rcc.o"
arm-none-eabi-gcc "C:/Users/hukas/STM32Cube/Repository/STM32Cube_FW_F3_V1.11.5/Drivers/STM32F3xx_HAL_Driver/Src/stm32f3xx_hal_rcc_ex.c" -mcpu=cortex-m4 -std=gnu11 -g3 -DDEBUG -DUSE_HAL_DRIVER -DSTM32F303x8 -c -I../Core/Inc -IC:/Users/hukas/STM32Cube/Repository/STM32Cube_FW_F3_V1.11.5/Drivers/STM32F3xx_HAL_Driver/Inc -IC:/Users/hukas/STM32Cube/Repository/STM32Cube_FW_F3_V1.11.5/Drivers/STM32F3xx_HAL_Driver/Inc/Legacy -IC:/Users/hukas/STM32Cube/Repository/STM32Cube_FW_F3_V1.11.5/Drivers/CMSIS/Device/ST/STM32F3xx/Include -IC:/Users/hukas/STM32Cube/Repository/STM32Cube_FW_F3_V1.11.5/Drivers/CMSIS/Include -O0 -ffunction-sections -fdata-sections -Wall -fstack-usage -fcyclomatic-complexity -MMD -MP -MF"Drivers/STM32F3xx_HAL_Driver/stm32f3xx_hal_rcc_ex.d" -MT"Drivers/STM32F3xx_HAL_Driver/stm32f3xx_hal_rcc_ex.o" --specs=nano.specs -mfpu=fpv4-sp-d16 -mfloat-abi=hard -mthumb -o "Drivers/STM32F3xx_HAL_Driver/stm32f3xx_hal_rcc_ex.o"
arm-none-eabi-gcc "C:/Users/hukas/STM32Cube/Repository/STM32Cube_FW_F3_V1.11.5/Drivers/STM32F3xx_HAL_Driver/Src/stm32f3xx_hal_uart.c" -mcpu=cortex-m4 -std=gnu11 -g3 -DDEBUG -DUSE_HAL_DRIVER -DSTM32F303x8 -c -I../Core/Inc -IC:/Users/hukas/STM32Cube/Repository/STM32Cube_FW_F3_V1.11.5/Drivers/STM32F3xx_HAL_Driver/Inc -IC:/Users/hukas/STM32Cube/Repository/STM32Cube_FW_F3_V1.11.5/Drivers/STM32F3xx_HAL_Driver/Inc/Legacy -IC:/Users/hukas/STM32Cube/Repository/STM32Cube_FW_F3_V1.11.5/Drivers/CMSIS/Device/ST/STM32F3xx/Include -IC:/Users/hukas/STM32Cube/Repository/STM32Cube_FW_F3_V1.11.5/Drivers/CMSIS/Include -O0 -ffunction-sections -fdata-sections -Wall -fstack-usage -fcyclomatic-complexity -MMD -MP -MF"Drivers/STM32F3xx_HAL_Driver/stm32f3xx_hal_uart.d" -MT"Drivers/STM32F3xx_HAL_Driver/stm32f3xx_hal_uart.o" --specs=nano.specs -mfpu=fpv4-sp-d16 -mfloat-abi=hard -mthumb -o "Drivers/STM32F3xx_HAL_Driver/stm32f3xx_hal_uart.o"
arm-none-eabi-gcc "C:/Users/hukas/STM32Cube/Repository/STM32Cube_FW_F3_V1.11.5/Drivers/STM32F3xx_HAL_Driver/Src/stm32f3xx_hal_uart_ex.c" -mcpu=cortex-m4 -std=gnu11 -g3 -DDEBUG -DUSE_HAL_DRIVER -DSTM32F303x8 -c -I../Core/Inc -IC:/Users/hukas/STM32Cube/Repository/STM32Cube_FW_F3_V1.11.5/Drivers/STM32F3xx_HAL_Driver/Inc -IC:/Users/hukas/STM32Cube/Repository/STM32Cube_FW_F3_V1.11.5/Drivers/STM32F3xx_HAL_Driver/Inc/Legacy -IC:/Users/hukas/STM32Cube/Repository/STM32Cube_FW_F3_V1.11.5/Drivers/CMSIS/Device/ST/STM32F3xx/Include -IC:/Users/hukas/STM32Cube/Repository/STM32Cube_FW_F3_V1.11.5/Drivers/CMSIS/Include -O0 -ffunction-sections -fdata-sections -Wall -fstack-usage -fcyclomatic-complexity -MMD -MP -MF"Drivers/STM32F3xx_HAL_Driver/stm32f3xx_hal_uart_ex.d" -MT"Drivers/STM32F3xx_HAL_Driver/stm32f3xx_hal_uart_ex.o" --specs=nano.specs -mfpu=fpv4-sp-d16 -mfloat-abi=hard -mthumb -o "Drivers/STM32F3xx_HAL_Driver/stm32f3xx_hal_uart_ex.o"
arm-none-eabi-gcc -mcpu=cortex-m4 -g3 -DDEBUG -c -x assembler-with-cpp -MMD -MP -MF"Core/Startup/startup_stm32f303k8tx.d" -MT"Core/Startup/startup_stm32f303k8tx.o" --specs=nano.specs -mfpu=fpv4-sp-d16 -mfloat-abi=hard -mthumb -o "Core/Startup/startup_stm32f303k8tx.o" "../Core/Startup/startup_stm32f303k8tx.s"
arm-none-eabi-gcc "../Core/Src/main.c" -mcpu=cortex-m4 -std=gnu11 -g3 -DDEBUG -DUSE_HAL_DRIVER -DSTM32F303x8 -c -I../Core/Inc -IC:/Users/hukas/STM32Cube/Repository/STM32Cube_FW_F3_V1.11.5/Drivers/STM32F3xx_HAL_Driver/Inc -IC:/Users/hukas/STM32Cube/Repository/STM32Cube_FW_F3_V1.11.5/Drivers/STM32F3xx_HAL_Driver/Inc/Legacy -IC:/Users/hukas/STM32Cube/Repository/STM32Cube_FW_F3_V1.11.5/Drivers/CMSIS/Device/ST/STM32F3xx/Include -IC:/Users/hukas/STM32Cube/Repository/STM32Cube_FW_F3_V1.11.5/Drivers/CMSIS/Include -O0 -ffunction-sections -fdata-sections -Wall -fstack-usage -fcyclomatic-complexity -MMD -MP -MF"Core/Src/main.d" -MT"Core/Src/main.o" --specs=nano.specs -mfpu=fpv4-sp-d16 -mfloat-abi=hard -mthumb -o "Core/Src/main.o"
arm-none-eabi-gcc "../Core/Src/stm32f3xx_hal_msp.c" -mcpu=cortex-m4 -std=gnu11 -g3 -DDEBUG -DUSE_HAL_DRIVER -DSTM32F303x8 -c -I../Core/Inc -IC:/Users/hukas/STM32Cube/Repository/STM32Cube_FW_F3_V1.11.5/Drivers/STM32F3xx_HAL_Driver/Inc -IC:/Users/hukas/STM32Cube/Repository/STM32Cube_FW_F3_V1.11.5/Drivers/STM32F3xx_HAL_Driver/Inc/Legacy -IC:/Users/hukas/STM32Cube/Repository/STM32Cube_FW_F3_V1.11.5/Drivers/CMSIS/Device/ST/STM32F3xx/Include -IC:/Users/hukas/STM32Cube/Repository/STM32Cube_FW_F3_V1.11.5/Drivers/CMSIS/Include -O0 -ffunction-sections -fdata-sections -Wall -fstack-usage -fcyclomatic-complexity -MMD -MP -MF"Core/Src/stm32f3xx_hal_msp.d" -MT"Core/Src/stm32f3xx_hal_msp.o" --specs=nano.specs -mfpu=fpv4-sp-d16 -mfloat-abi=hard -mthumb -o "Core/Src/stm32f3xx_hal_msp.o"
arm-none-eabi-gcc "../Core/Src/stm32f3xx_it.c" -mcpu=cortex-m4 -std=gnu11 -g3 -DDEBUG -DUSE_HAL_DRIVER -DSTM32F303x8 -c -I../Core/Inc -IC:/Users/hukas/STM32Cube/Repository/STM32Cube_FW_F3_V1.11.5/Drivers/STM32F3xx_HAL_Driver/Inc -IC:/Users/hukas/STM32Cube/Repository/STM32Cube_FW_F3_V1.11.5/Drivers/STM32F3xx_HAL_Driver/Inc/Legacy -IC:/Users/hukas/STM32Cube/Repository/STM32Cube_FW_F3_V1.11.5/Drivers/CMSIS/Device/ST/STM32F3xx/Include -IC:/Users/hukas/STM32Cube/Repository/STM32Cube_FW_F3_V1.11.5/Drivers/CMSIS/Include -O0 -ffunction-sections -fdata-sections -Wall -fstack-usage -fcyclomatic-complexity -MMD -MP -MF"Core/Src/stm32f3xx_it.d" -MT"Core/Src/stm32f3xx_it.o" --specs=nano.specs -mfpu=fpv4-sp-d16 -mfloat-abi=hard -mthumb -o "Core/Src/stm32f3xx_it.o"
arm-none-eabi-gcc "../Core/Src/syscalls.c" -mcpu=cortex-m4 -std=gnu11 -g3 -DDEBUG -DUSE_HAL_DRIVER -DSTM32F303x8 -c -I../Core/Inc -IC:/Users/hukas/STM32Cube/Repository/STM32Cube_FW_F3_V1.11.5/Drivers/STM32F3xx_HAL_Driver/Inc -IC:/Users/hukas/STM32Cube/Repository/STM32Cube_FW_F3_V1.11.5/Drivers/STM32F3xx_HAL_Driver/Inc/Legacy -IC:/Users/hukas/STM32Cube/Repository/STM32Cube_FW_F3_V1.11.5/Drivers/CMSIS/Device/ST/STM32F3xx/Include -IC:/Users/hukas/STM32Cube/Repository/STM32Cube_FW_F3_V1.11.5/Drivers/CMSIS/Include -O0 -ffunction-sections -fdata-sections -Wall -fstack-usage -fcyclomatic-complexity -MMD -MP -MF"Core/Src/syscalls.d" -MT"Core/Src/syscalls.o" --specs=nano.specs -mfpu=fpv4-sp-d16 -mfloat-abi=hard -mthumb -o "Core/Src/syscalls.o"
arm-none-eabi-gcc "../Core/Src/sysmem.c" -mcpu=cortex-m4 -std=gnu11 -g3 -DDEBUG -DUSE_HAL_DRIVER -DSTM32F303x8 -c -I../Core/Inc -IC:/Users/hukas/STM32Cube/Repository/STM32Cube_FW_F3_V1.11.5/Drivers/STM32F3xx_HAL_Driver/Inc -IC:/Users/hukas/STM32Cube/Repository/STM32Cube_FW_F3_V1.11.5/Drivers/STM32F3xx_HAL_Driver/Inc/Legacy -IC:/Users/hukas/STM32Cube/Repository/STM32Cube_FW_F3_V1.11.5/Drivers/CMSIS/Device/ST/STM32F3xx/Include -IC:/Users/hukas/STM32Cube/Repository/STM32Cube_FW_F3_V1.11.5/Drivers/CMSIS/Include -O0 -ffunction-sections -fdata-sections -Wall -fstack-usage -fcyclomatic-complexity -MMD -MP -MF"Core/Src/sysmem.d" -MT"Core/Src/sysmem.o" --specs=nano.specs -mfpu=fpv4-sp-d16 -mfloat-abi=hard -mthumb -o "Core/Src/sysmem.o"
arm-none-eabi-gcc "../Core/Src/system_stm32f3xx.c" -mcpu=cortex-m4 -std=gnu11 -g3 -DDEBUG -DUSE_HAL_DRIVER -DSTM32F303x8 -c -I../Core/Inc -IC:/Users/hukas/STM32Cube/Repository/STM32Cube_FW_F3_V1.11.5/Drivers/STM32F3xx_HAL_Driver/Inc -IC:/Users/hukas/STM32Cube/Repository/STM32Cube_FW_F3_V1.11.5/Drivers/STM32F3xx_HAL_Driver/Inc/Legacy -IC:/Users/hukas/STM32Cube/Repository/STM32Cube_FW_F3_V1.11.5/Drivers/CMSIS/Device/ST/STM32F3xx/Include -IC:/Users/hukas/STM32Cube/Repository/STM32Cube_FW_F3_V1.11.5/Drivers/CMSIS/Include -O0 -ffunction-sections -fdata-sections -Wall -fstack-usage -fcyclomatic-complexity -MMD -MP -MF"Core/Src/system_stm32f3xx.d" -MT"Core/Src/system_stm32f3xx.o" --specs=nano.specs -mfpu=fpv4-sp-d16 -mfloat-abi=hard -mthumb -o "Core/Src/system_stm32f3xx.o"
../Core/Src/main.c: In function 'CAN_TX':
../Core/Src/main.c:71:50: error: 'hcan1' undeclared (first use in this function); did you mean 'hcan'?
   71 |         if (0 < HAL_CAN_GetTxMailboxesFreeLevel(&hcan1)) {
      |                                                  ^~~~~
      |                                                  hcan
../Core/Src/main.c:71:50: note: each undeclared identifier is reported only once for each function it appears in
../Core/Src/main.c: In function 'HAL_CAN_RxFifo0MsgPendingCallback':
../Core/Src/main.c:98:17: error: 'id' undeclared (first use in this function); did you mean 'void'?
   98 |                 id = RxHeader.StdId; // RxHeaderの中に入っているidを取り出す
      |                 ^~
      |                 void
../Core/Src/main.c: In function 'main':
../Core/Src/main.c:144:24: error: 'hcan1' undeclared (first use in this function); did you mean 'hcan'?
  144 |         HAL_CAN_Start(&hcan1);
      |                        ^~~~~
      |                        hcan
../Core/Src/main.c: In function 'MX_CAN_Init':
../Core/Src/main.c:241:25: error: 'hcan1' undeclared (first use in this function); did you mean 'hcan'?
  241 |   HAL_CAN_ConfigFilter(&hcan1, &filter);
      |                         ^~~~~
      |                         hcan
make: *** [Core/Src/subdir.mk:34: Core/Src/main.o] Error 1
make: *** Waiting for unfinished jobs....
"make -j16 all" terminated with exit code 2. Build might be incomplete.
16:09:39 **** Incremental Build of configuration Debug for project CAN_TEST_2 ****
make -j16 all 
arm-none-eabi-gcc "../Core/Src/main.c" -mcpu=cortex-m4 -std=gnu11 -g3 -DDEBUG -DUSE_HAL_DRIVER -DSTM32F303x8 -c -I../Core/Inc -IC:/Users/hukas/STM32Cube/Repository/STM32Cube_FW_F3_V1.11.5/Drivers/STM32F3xx_HAL_Driver/Inc -IC:/Users/hukas/STM32Cube/Repository/STM32Cube_FW_F3_V1.11.5/Drivers/STM32F3xx_HAL_Driver/Inc/Legacy -IC:/Users/hukas/STM32Cube/Repository/STM32Cube_FW_F3_V1.11.5/Drivers/CMSIS/Device/ST/STM32F3xx/Include -IC:/Users/hukas/STM32Cube/Repository/STM32Cube_FW_F3_V1.11.5/Drivers/CMSIS/Include -O0 -ffunction-sections -fdata-sections -Wall -fstack-usage -fcyclomatic-complexity -MMD -MP -MF"Core/Src/main.d" -MT"Core/Src/main.o" --specs=nano.specs -mfpu=fpv4-sp-d16 -mfloat-abi=hard -mthumb -o "Core/Src/main.o"
../Core/Src/main.c: In function 'HAL_CAN_RxFifo0MsgPendingCallback':
../Core/Src/main.c:98:17: error: 'id' undeclared (first use in this function); did you mean 'void'?
   98 |                 id = RxHeader.StdId; // RxHeaderの中に入っているidを取り出す
      |                 ^~
      |                 void
../Core/Src/main.c:98:17: note: each undeclared identifier is reported only once for each function it appears in
make: *** [Core/Src/subdir.mk:34: Core/Src/main.o] Error 1
"make -j16 all" terminated with exit code 2. Build might be incomplete.
16:10:50 **** Incremental Build of configuration Debug for project CAN_TEST_2 ****
make -j16 all 
arm-none-eabi-gcc "../Core/Src/main.c" -mcpu=cortex-m4 -std=gnu11 -g3 -DDEBUG -DUSE_HAL_DRIVER -DSTM32F303x8 -c -I../Core/Inc -IC:/Users/hukas/STM32Cube/Repository/STM32Cube_FW_F3_V1.11.5/Drivers/STM32F3xx_HAL_Driver/Inc -IC:/Users/hukas/STM32Cube/Repository/STM32Cube_FW_F3_V1.11.5/Drivers/STM32F3xx_HAL_Driver/Inc/Legacy -IC:/Users/hukas/STM32Cube/Repository/STM32Cube_FW_F3_V1.11.5/Drivers/CMSIS/Device/ST/STM32F3xx/Include -IC:/Users/hukas/STM32Cube/Repository/STM32Cube_FW_F3_V1.11.5/Drivers/CMSIS/Include -O0 -ffunction-sections -fdata-sections -Wall -fstack-usage -fcyclomatic-complexity -MMD -MP -MF"Core/Src/main.d" -MT"Core/Src/main.o" --specs=nano.specs -mfpu=fpv4-sp-d16 -mfloat-abi=hard -mthumb -o "Core/Src/main.o"
arm-none-eabi-gcc -o "CAN_TEST_2.elf" @"objects.list"   -mcpu=cortex-m4 -T"C:\CubeIDE_Folder_program\CAN_Tst_2\CAN_TEST_2\STM32F303K8TX_FLASH.ld" --specs=nosys.specs -Wl,-Map="CAN_TEST_2.map" -Wl,--gc-sections -static --specs=nano.specs -mfpu=fpv4-sp-d16 -mfloat-abi=hard -mthumb -Wl,--start-group -lc -lm -Wl,--end-group
Finished building target: CAN_TEST_2.elf
 
arm-none-eabi-size  CAN_TEST_2.elf 
arm-none-eabi-objdump -h -S CAN_TEST_2.elf  > "CAN_TEST_2.list"
   text	   data	    bss	    dec	    hex	filename
  13188	     12	   1756	  14956	   3a6c	CAN_TEST_2.elf
Finished building: default.size.stdout
 
Finished building: CAN_TEST_2.list
 
16:11:03 **** Incremental Build of configuration Debug for project CAN_TEST_2 ****
make -j16 all 
arm-none-eabi-size  CAN_TEST_2.elf 
   text	   data	    bss	    dec	    hex	filename
  13188	     12	   1756	  14956	   3a6c	CAN_TEST_2.elf
Finished building: default.size.stdout
 
16:19:52 **** Incremental Build of configuration Debug for project CAN_TEST_2 ****
make -j16 all 
arm-none-eabi-gcc "../Core/Src/main.c" -mcpu=cortex-m4 -std=gnu11 -g3 -DDEBUG -DUSE_HAL_DRIVER -DSTM32F303x8 -c -I../Core/Inc -IC:/Users/hukas/STM32Cube/Repository/STM32Cube_FW_F3_V1.11.5/Drivers/STM32F3xx_HAL_Driver/Inc -IC:/Users/hukas/STM32Cube/Repository/STM32Cube_FW_F3_V1.11.5/Drivers/STM32F3xx_HAL_Driver/Inc/Legacy -IC:/Users/hukas/STM32Cube/Repository/STM32Cube_FW_F3_V1.11.5/Drivers/CMSIS/Device/ST/STM32F3xx/Include -IC:/Users/hukas/STM32Cube/Repository/STM32Cube_FW_F3_V1.11.5/Drivers/CMSIS/Include -O0 -ffunction-sections -fdata-sections -Wall -fstack-usage -fcyclomatic-complexity -MMD -MP -MF"Core/Src/main.d" -MT"Core/Src/main.o" --specs=nano.specs -mfpu=fpv4-sp-d16 -mfloat-abi=hard -mthumb -o "Core/Src/main.o"
arm-none-eabi-gcc -o "CAN_TEST_2.elf" @"objects.list"   -mcpu=cortex-m4 -T"C:\CubeIDE_Folder_program\CAN_Tst_2\CAN_TEST_2\STM32F303K8TX_FLASH.ld" --specs=nosys.specs -Wl,-Map="CAN_TEST_2.map" -Wl,--gc-sections -static --specs=nano.specs -mfpu=fpv4-sp-d16 -mfloat-abi=hard -mthumb -Wl,--start-group -lc -lm -Wl,--end-group
Finished building target: CAN_TEST_2.elf
 
arm-none-eabi-size  CAN_TEST_2.elf 
arm-none-eabi-objdump -h -S CAN_TEST_2.elf  > "CAN_TEST_2.list"
   text	   data	    bss	    dec	    hex	filename
  18392	    104	   2096	  20592	   5070	CAN_TEST_2.elf
Finished building: default.size.stdout
 
Finished building: CAN_TEST_2.list
 
17:02:14 **** Incremental Build of configuration Debug for project CAN_TEST_2 ****
make -j16 all 
arm-none-eabi-gcc "../Core/Src/main.c" -mcpu=cortex-m4 -std=gnu11 -g3 -DDEBUG -DUSE_HAL_DRIVER -DSTM32F303x8 -c -I../Core/Inc -IC:/Users/hukas/STM32Cube/Repository/STM32Cube_FW_F3_V1.11.5/Drivers/STM32F3xx_HAL_Driver/Inc -IC:/Users/hukas/STM32Cube/Repository/STM32Cube_FW_F3_V1.11.5/Drivers/STM32F3xx_HAL_Driver/Inc/Legacy -IC:/Users/hukas/STM32Cube/Repository/STM32Cube_FW_F3_V1.11.5/Drivers/CMSIS/Device/ST/STM32F3xx/Include -IC:/Users/hukas/STM32Cube/Repository/STM32Cube_FW_F3_V1.11.5/Drivers/CMSIS/Include -O0 -ffunction-sections -fdata-sections -Wall -fstack-usage -fcyclomatic-complexity -MMD -MP -MF"Core/Src/main.d" -MT"Core/Src/main.o" --specs=nano.specs -mfpu=fpv4-sp-d16 -mfloat-abi=hard -mthumb -o "Core/Src/main.o"
../Core/Src/main.c:356:5: error: stray '@' in program
  356 |   * @file           : main.c
      |     ^
../Core/Src/main.c:356:21: error: expected '=', ',', ';', 'asm' or '__attribute__' before ':' token
  356 |   * @file           : main.c
      |                     ^
../Core/Src/main.c:357:5: error: stray '@' in program
  357 |   * @brief          : Main program body - CAN受信最適化版
      |     ^
In file included from C:/Users/hukas/STM32Cube/Repository/STM32Cube_FW_F3_V1.11.5/Drivers/CMSIS/Device/ST/STM32F3xx/Include/stm32f3xx.h:133,
                 from C:/Users/hukas/STM32Cube/Repository/STM32Cube_FW_F3_V1.11.5/Drivers/STM32F3xx_HAL_Driver/Inc/stm32f3xx_hal_def.h:29,
                 from C:/Users/hukas/STM32Cube/Repository/STM32Cube_FW_F3_V1.11.5/Drivers/STM32F3xx_HAL_Driver/Inc/stm32f3xx_hal_rcc.h:27,
                 from ../Core/Inc/stm32f3xx_hal_conf.h:200,
                 from C:/Users/hukas/STM32Cube/Repository/STM32Cube_FW_F3_V1.11.5/Drivers/STM32F3xx_HAL_Driver/Inc/stm32f3xx_hal.h:29,
                 from ../Core/Inc/main.h:30,
                 from ../Core/Src/main.c:362:
C:/Users/hukas/STM32Cube/Repository/STM32Cube_FW_F3_V1.11.5/Drivers/CMSIS/Device/ST/STM32F3xx/Include/stm32f303x8.h:121:3: warning: data definition has no type or storage class
  121 | } IRQn_Type;
      |   ^~~~~~~~~
C:/Users/hukas/STM32Cube/Repository/STM32Cube_FW_F3_V1.11.5/Drivers/CMSIS/Device/ST/STM32F3xx/Include/stm32f303x8.h:121:3: warning: type defaults to 'int' in declaration of 'IRQn_Type' [-Wimplicit-int]
In file included from C:/Users/hukas/STM32Cube/Repository/STM32Cube_FW_F3_V1.11.5/Drivers/CMSIS/Device/ST/STM32F3xx/Include/stm32f303x8.h:127:
C:/Users/hukas/STM32Cube/Repository/STM32Cube_FW_F3_V1.11.5/Drivers/CMSIS/Include/core_cm4.h:1688:39: error: expected declaration specifiers or '...' before 'IRQn_Type'
 1688 | __STATIC_INLINE void __NVIC_EnableIRQ(IRQn_Type IRQn)
      |                                       ^~~~~~~~~
C:/Users/hukas/STM32Cube/Repository/STM32Cube_FW_F3_V1.11.5/Drivers/CMSIS/Include/core_cm4.h:1705:46: error: expected declaration specifiers or '...' before 'IRQn_Type'
 1705 | __STATIC_INLINE uint32_t __NVIC_GetEnableIRQ(IRQn_Type IRQn)
      |                                              ^~~~~~~~~
C:/Users/hukas/STM32Cube/Repository/STM32Cube_FW_F3_V1.11.5/Drivers/CMSIS/Include/core_cm4.h:1724:40: error: expected declaration specifiers or '...' before 'IRQn_Type'
 1724 | __STATIC_INLINE void __NVIC_DisableIRQ(IRQn_Type IRQn)
      |                                        ^~~~~~~~~
C:/Users/hukas/STM32Cube/Repository/STM32Cube_FW_F3_V1.11.5/Drivers/CMSIS/Include/core_cm4.h:1743:47: error: expected declaration specifiers or '...' before 'IRQn_Type'
 1743 | __STATIC_INLINE uint32_t __NVIC_GetPendingIRQ(IRQn_Type IRQn)
      |                                               ^~~~~~~~~
C:/Users/hukas/STM32Cube/Repository/STM32Cube_FW_F3_V1.11.5/Drivers/CMSIS/Include/core_cm4.h:1762:43: error: expected declaration specifiers or '...' before 'IRQn_Type'
 1762 | __STATIC_INLINE void __NVIC_SetPendingIRQ(IRQn_Type IRQn)
      |                                           ^~~~~~~~~
C:/Users/hukas/STM32Cube/Repository/STM32Cube_FW_F3_V1.11.5/Drivers/CMSIS/Include/core_cm4.h:1777:45: error: expected declaration specifiers or '...' before 'IRQn_Type'
 1777 | __STATIC_INLINE void __NVIC_ClearPendingIRQ(IRQn_Type IRQn)
      |                                             ^~~~~~~~~
C:/Users/hukas/STM32Cube/Repository/STM32Cube_FW_F3_V1.11.5/Drivers/CMSIS/Include/core_cm4.h:1794:43: error: expected declaration specifiers or '...' before 'IRQn_Type'
 1794 | __STATIC_INLINE uint32_t __NVIC_GetActive(IRQn_Type IRQn)
      |                                           ^~~~~~~~~
C:/Users/hukas/STM32Cube/Repository/STM32Cube_FW_F3_V1.11.5/Drivers/CMSIS/Include/core_cm4.h:1816:41: error: expected declaration specifiers or '...' before 'IRQn_Type'
 1816 | __STATIC_INLINE void __NVIC_SetPriority(IRQn_Type IRQn, uint32_t priority)
      |                                         ^~~~~~~~~
C:/Users/hukas/STM32Cube/Repository/STM32Cube_FW_F3_V1.11.5/Drivers/CMSIS/Include/core_cm4.h:1838:45: error: expected declaration specifiers or '...' before 'IRQn_Type'
 1838 | __STATIC_INLINE uint32_t __NVIC_GetPriority(IRQn_Type IRQn)
      |                                             ^~~~~~~~~
C:/Users/hukas/STM32Cube/Repository/STM32Cube_FW_F3_V1.11.5/Drivers/CMSIS/Include/core_cm4.h:1913:39: error: expected declaration specifiers or '...' before 'IRQn_Type'
 1913 | __STATIC_INLINE void __NVIC_SetVector(IRQn_Type IRQn, uint32_t vector)
      |                                       ^~~~~~~~~
C:/Users/hukas/STM32Cube/Repository/STM32Cube_FW_F3_V1.11.5/Drivers/CMSIS/Include/core_cm4.h:1928:43: error: expected declaration specifiers or '...' before 'IRQn_Type'
 1928 | __STATIC_INLINE uint32_t __NVIC_GetVector(IRQn_Type IRQn)
      |                                           ^~~~~~~~~
C:/Users/hukas/STM32Cube/Repository/STM32Cube_FW_F3_V1.11.5/Drivers/CMSIS/Include/core_cm4.h: In function 'SysTick_Config':
C:/Users/hukas/STM32Cube/Repository/STM32Cube_FW_F3_V1.11.5/Drivers/CMSIS/Include/core_cm4.h:1621:39: warning: implicit declaration of function '__NVIC_SetPriority'; did you mean 'NVIC_SetPriority'? [-Wimplicit-function-declaration]
 1621 |   #define NVIC_SetPriority            __NVIC_SetPriority
      |                                       ^~~~~~~~~~~~~~~~~~
C:/Users/hukas/STM32Cube/Repository/STM32Cube_FW_F3_V1.11.5/Drivers/CMSIS/Include/core_cm4.h:2030:3: note: in expansion of macro 'NVIC_SetPriority'
 2030 |   NVIC_SetPriority (SysTick_IRQn, (1UL << __NVIC_PRIO_BITS) - 1UL); /* set Priority for Systick Interrupt */
      |   ^~~~~~~~~~~~~~~~
C:/Users/hukas/STM32Cube/Repository/STM32Cube_FW_F3_V1.11.5/Drivers/CMSIS/Include/core_cm4.h:2030:21: error: 'SysTick_IRQn' undeclared (first use in this function); did you mean 'SysTick_Type'?
 2030 |   NVIC_SetPriority (SysTick_IRQn, (1UL << __NVIC_PRIO_BITS) - 1UL); /* set Priority for Systick Interrupt */
      |                     ^~~~~~~~~~~~
      |                     SysTick_Type
C:/Users/hukas/STM32Cube/Repository/STM32Cube_FW_F3_V1.11.5/Drivers/CMSIS/Include/core_cm4.h:2030:21: note: each undeclared identifier is reported only once for each function it appears in
In file included from ../Core/Inc/stm32f3xx_hal_conf.h:216:
C:/Users/hukas/STM32Cube/Repository/STM32Cube_FW_F3_V1.11.5/Drivers/STM32F3xx_HAL_Driver/Inc/stm32f3xx_hal_cortex.h: At top level:
C:/Users/hukas/STM32Cube/Repository/STM32Cube_FW_F3_V1.11.5/Drivers/STM32F3xx_HAL_Driver/Inc/stm32f3xx_hal_cortex.h:260:27: error: expected declaration specifiers or '...' before 'IRQn_Type'
  260 | void HAL_NVIC_SetPriority(IRQn_Type IRQn, uint32_t PreemptPriority, uint32_t SubPriority);
      |                           ^~~~~~~~~
C:/Users/hukas/STM32Cube/Repository/STM32Cube_FW_F3_V1.11.5/Drivers/STM32F3xx_HAL_Driver/Inc/stm32f3xx_hal_cortex.h:261:25: error: expected declaration specifiers or '...' before 'IRQn_Type'
  261 | void HAL_NVIC_EnableIRQ(IRQn_Type IRQn);
      |                         ^~~~~~~~~
C:/Users/hukas/STM32Cube/Repository/STM32Cube_FW_F3_V1.11.5/Drivers/STM32F3xx_HAL_Driver/Inc/stm32f3xx_hal_cortex.h:262:26: error: expected declaration specifiers or '...' before 'IRQn_Type'
  262 | void HAL_NVIC_DisableIRQ(IRQn_Type IRQn);
      |                          ^~~~~~~~~
C:/Users/hukas/STM32Cube/Repository/STM32Cube_FW_F3_V1.11.5/Drivers/STM32F3xx_HAL_Driver/Inc/stm32f3xx_hal_cortex.h:279:27: error: expected declaration specifiers or '...' before 'IRQn_Type'
  279 | void HAL_NVIC_GetPriority(IRQn_Type IRQn, uint32_t PriorityGroup, uint32_t* pPreemptPriority, uint32_t* pSubPriority);
      |                           ^~~~~~~~~
C:/Users/hukas/STM32Cube/Repository/STM32Cube_FW_F3_V1.11.5/Drivers/STM32F3xx_HAL_Driver/Inc/stm32f3xx_hal_cortex.h:280:33: error: expected declaration specifiers or '...' before 'IRQn_Type'
  280 | uint32_t HAL_NVIC_GetPendingIRQ(IRQn_Type IRQn);
      |                                 ^~~~~~~~~
C:/Users/hukas/STM32Cube/Repository/STM32Cube_FW_F3_V1.11.5/Drivers/STM32F3xx_HAL_Driver/Inc/stm32f3xx_hal_cortex.h:281:29: error: expected declaration specifiers or '...' before 'IRQn_Type'
  281 | void HAL_NVIC_SetPendingIRQ(IRQn_Type IRQn);
      |                             ^~~~~~~~~
C:/Users/hukas/STM32Cube/Repository/STM32Cube_FW_F3_V1.11.5/Drivers/STM32F3xx_HAL_Driver/Inc/stm32f3xx_hal_cortex.h:282:31: error: expected declaration specifiers or '...' before 'IRQn_Type'
  282 | void HAL_NVIC_ClearPendingIRQ(IRQn_Type IRQn);
      |                               ^~~~~~~~~
C:/Users/hukas/STM32Cube/Repository/STM32Cube_FW_F3_V1.11.5/Drivers/STM32F3xx_HAL_Driver/Inc/stm32f3xx_hal_cortex.h:283:29: error: expected declaration specifiers or '...' before 'IRQn_Type'
  283 | uint32_t HAL_NVIC_GetActive(IRQn_Type IRQn);
      |                             ^~~~~~~~~
../Core/Src/main.c: In function 'CAN_TX':
../Core/Src/main.c:402:42: warning: format '%X' expects argument of type 'unsigned int', but argument 2 has type 'uint32_t' {aka 'long unsigned int'} [-Wformat=]
  402 |             printf("CAN送信成功: ID=0x%03X\r\n", recipient);
      |                                       ~~~^       ~~~~~~~~~
      |                                          |       |
      |                                          |       uint32_t {aka long unsigned int}
      |                                          unsigned int
      |                                       %03lX
../Core/Src/main.c: In function 'HAL_CAN_RxFifo0MsgPendingCallback':
../Core/Src/main.c:426:38: warning: format '%X' expects argument of type 'unsigned int', but argument 2 has type 'uint32_t' {aka 'long unsigned int'} [-Wformat=]
  426 |             printf("CAN受信: ID=0x%03X, Count=%lu\r\n", id, message_count);
      |                                   ~~~^                  ~~
      |                                      |                  |
      |                                      unsigned int       uint32_t {aka long unsigned int}
      |                                   %03lX
make: *** [Core/Src/subdir.mk:34: Core/Src/main.o] Error 1
"make -j16 all" terminated with exit code 2. Build might be incomplete.
17:02:40 **** Incremental Build of configuration Debug for project CAN_TEST_2 ****
make -j16 all 
arm-none-eabi-gcc "../Core/Src/main.c" -mcpu=cortex-m4 -std=gnu11 -g3 -DDEBUG -DUSE_HAL_DRIVER -DSTM32F303x8 -c -I../Core/Inc -IC:/Users/hukas/STM32Cube/Repository/STM32Cube_FW_F3_V1.11.5/Drivers/STM32F3xx_HAL_Driver/Inc -IC:/Users/hukas/STM32Cube/Repository/STM32Cube_FW_F3_V1.11.5/Drivers/STM32F3xx_HAL_Driver/Inc/Legacy -IC:/Users/hukas/STM32Cube/Repository/STM32Cube_FW_F3_V1.11.5/Drivers/CMSIS/Device/ST/STM32F3xx/Include -IC:/Users/hukas/STM32Cube/Repository/STM32Cube_FW_F3_V1.11.5/Drivers/CMSIS/Include -O0 -ffunction-sections -fdata-sections -Wall -fstack-usage -fcyclomatic-complexity -MMD -MP -MF"Core/Src/main.d" -MT"Core/Src/main.o" --specs=nano.specs -mfpu=fpv4-sp-d16 -mfloat-abi=hard -mthumb -o "Core/Src/main.o"
../Core/Src/main.c: In function 'CAN_TX':
../Core/Src/main.c:397:42: warning: format '%X' expects argument of type 'unsigned int', but argument 2 has type 'uint32_t' {aka 'long unsigned int'} [-Wformat=]
  397 |             printf("CAN送信成功: ID=0x%03X\r\n", recipient);
      |                                       ~~~^       ~~~~~~~~~
      |                                          |       |
      |                                          |       uint32_t {aka long unsigned int}
      |                                          unsigned int
      |                                       %03lX
../Core/Src/main.c: In function 'HAL_CAN_RxFifo0MsgPendingCallback':
../Core/Src/main.c:421:38: warning: format '%X' expects argument of type 'unsigned int', but argument 2 has type 'uint32_t' {aka 'long unsigned int'} [-Wformat=]
  421 |             printf("CAN受信: ID=0x%03X, Count=%lu\r\n", id, message_count);
      |                                   ~~~^                  ~~
      |                                      |                  |
      |                                      unsigned int       uint32_t {aka long unsigned int}
      |                                   %03lX
arm-none-eabi-gcc -o "CAN_TEST_2.elf" @"objects.list"   -mcpu=cortex-m4 -T"C:\CubeIDE_Folder_program\CAN_Tst_2\CAN_TEST_2\STM32F303K8TX_FLASH.ld" --specs=nosys.specs -Wl,-Map="CAN_TEST_2.map" -Wl,--gc-sections -static --specs=nano.specs -mfpu=fpv4-sp-d16 -mfloat-abi=hard -mthumb -Wl,--start-group -lc -lm -Wl,--end-group
Finished building target: CAN_TEST_2.elf
 
arm-none-eabi-size  CAN_TEST_2.elf 
arm-none-eabi-objdump -h -S CAN_TEST_2.elf  > "CAN_TEST_2.list"
   text	   data	    bss	    dec	    hex	filename
  18772	    104	   2096	  20972	   51ec	CAN_TEST_2.elf
Finished building: default.size.stdout
 
Finished building: CAN_TEST_2.list
 
17:05:38 **** Incremental Build of configuration Debug for project CAN_TEST_2 ****
make -j16 all 
arm-none-eabi-gcc "../Core/Src/main.c" -mcpu=cortex-m4 -std=gnu11 -g3 -DDEBUG -DUSE_HAL_DRIVER -DSTM32F303x8 -c -I../Core/Inc -IC:/Users/hukas/STM32Cube/Repository/STM32Cube_FW_F3_V1.11.5/Drivers/STM32F3xx_HAL_Driver/Inc -IC:/Users/hukas/STM32Cube/Repository/STM32Cube_FW_F3_V1.11.5/Drivers/STM32F3xx_HAL_Driver/Inc/Legacy -IC:/Users/hukas/STM32Cube/Repository/STM32Cube_FW_F3_V1.11.5/Drivers/CMSIS/Device/ST/STM32F3xx/Include -IC:/Users/hukas/STM32Cube/Repository/STM32Cube_FW_F3_V1.11.5/Drivers/CMSIS/Include -O0 -ffunction-sections -fdata-sections -Wall -fstack-usage -fcyclomatic-complexity -MMD -MP -MF"Core/Src/main.d" -MT"Core/Src/main.o" --specs=nano.specs -mfpu=fpv4-sp-d16 -mfloat-abi=hard -mthumb -o "Core/Src/main.o"
../Core/Src/main.c: In function 'CAN_TX':
../Core/Src/main.c:397:42: warning: format '%X' expects argument of type 'unsigned int', but argument 2 has type 'uint32_t' {aka 'long unsigned int'} [-Wformat=]
  397 |             printf("CAN送信成功: ID=0x%03X\r\n", recipient);
      |                                       ~~~^       ~~~~~~~~~
      |                                          |       |
      |                                          |       uint32_t {aka long unsigned int}
      |                                          unsigned int
      |                                       %03lX
../Core/Src/main.c: In function 'HAL_CAN_RxFifo0MsgPendingCallback':
../Core/Src/main.c:420:38: warning: format '%X' expects argument of type 'unsigned int', but argument 2 has type 'uint32_t' {aka 'long unsigned int'} [-Wformat=]
  420 |             printf("CAN受信: ID=0x%03X, Count=%lu\r\n", id, message_count);
      |                                   ~~~^                  ~~
      |                                      |                  |
      |                                      unsigned int       uint32_t {aka long unsigned int}
      |                                   %03lX
arm-none-eabi-gcc -o "CAN_TEST_2.elf" @"objects.list"   -mcpu=cortex-m4 -T"C:\CubeIDE_Folder_program\CAN_Tst_2\CAN_TEST_2\STM32F303K8TX_FLASH.ld" --specs=nosys.specs -Wl,-Map="CAN_TEST_2.map" -Wl,--gc-sections -static --specs=nano.specs -mfpu=fpv4-sp-d16 -mfloat-abi=hard -mthumb -Wl,--start-group -lc -lm -Wl,--end-group
Finished building target: CAN_TEST_2.elf
 
arm-none-eabi-size  CAN_TEST_2.elf 
arm-none-eabi-objdump -h -S CAN_TEST_2.elf  > "CAN_TEST_2.list"
   text	   data	    bss	    dec	    hex	filename
  18768	    104	   2096	  20968	   51e8	CAN_TEST_2.elf
Finished building: default.size.stdout
 
Finished building: CAN_TEST_2.list
 
17:11:03 **** Incremental Build of configuration Debug for project CAN_TEST_2 ****
make -j16 all 
arm-none-eabi-gcc "../Core/Src/main.c" -mcpu=cortex-m4 -std=gnu11 -g3 -DDEBUG -DUSE_HAL_DRIVER -DSTM32F303x8 -c -I../Core/Inc -IC:/Users/hukas/STM32Cube/Repository/STM32Cube_FW_F3_V1.11.5/Drivers/STM32F3xx_HAL_Driver/Inc -IC:/Users/hukas/STM32Cube/Repository/STM32Cube_FW_F3_V1.11.5/Drivers/STM32F3xx_HAL_Driver/Inc/Legacy -IC:/Users/hukas/STM32Cube/Repository/STM32Cube_FW_F3_V1.11.5/Drivers/CMSIS/Device/ST/STM32F3xx/Include -IC:/Users/hukas/STM32Cube/Repository/STM32Cube_FW_F3_V1.11.5/Drivers/CMSIS/Include -O0 -ffunction-sections -fdata-sections -Wall -fstack-usage -fcyclomatic-complexity -MMD -MP -MF"Core/Src/main.d" -MT"Core/Src/main.o" --specs=nano.specs -mfpu=fpv4-sp-d16 -mfloat-abi=hard -mthumb -o "Core/Src/main.o"
arm-none-eabi-gcc -o "CAN_TEST_2.elf" @"objects.list"   -mcpu=cortex-m4 -T"C:\CubeIDE_Folder_program\CAN_Tst_2\CAN_TEST_2\STM32F303K8TX_FLASH.ld" --specs=nosys.specs -Wl,-Map="CAN_TEST_2.map" -Wl,--gc-sections -static --specs=nano.specs -mfpu=fpv4-sp-d16 -mfloat-abi=hard -mthumb -Wl,--start-group -lc -lm -Wl,--end-group
Finished building target: CAN_TEST_2.elf
 
arm-none-eabi-size  CAN_TEST_2.elf 
arm-none-eabi-objdump -h -S CAN_TEST_2.elf  > "CAN_TEST_2.list"
   text	   data	    bss	    dec	    hex	filename
  18392	    104	   2096	  20592	   5070	CAN_TEST_2.elf
Finished building: default.size.stdout
 
Finished building: CAN_TEST_2.list
 
17:27:44 **** Incremental Build of configuration Debug for project CAN_TEST_2 ****
make -j16 all 
arm-none-eabi-gcc "../Core/Src/main.c" -mcpu=cortex-m4 -std=gnu11 -g3 -DDEBUG -DUSE_HAL_DRIVER -DSTM32F303x8 -c -I../Core/Inc -IC:/Users/hukas/STM32Cube/Repository/STM32Cube_FW_F3_V1.11.5/Drivers/STM32F3xx_HAL_Driver/Inc -IC:/Users/hukas/STM32Cube/Repository/STM32Cube_FW_F3_V1.11.5/Drivers/STM32F3xx_HAL_Driver/Inc/Legacy -IC:/Users/hukas/STM32Cube/Repository/STM32Cube_FW_F3_V1.11.5/Drivers/CMSIS/Device/ST/STM32F3xx/Include -IC:/Users/hukas/STM32Cube/Repository/STM32Cube_FW_F3_V1.11.5/Drivers/CMSIS/Include -O0 -ffunction-sections -fdata-sections -Wall -fstack-usage -fcyclomatic-complexity -MMD -MP -MF"Core/Src/main.d" -MT"Core/Src/main.o" --specs=nano.specs -mfpu=fpv4-sp-d16 -mfloat-abi=hard -mthumb -o "Core/Src/main.o"
arm-none-eabi-gcc -o "CAN_TEST_2.elf" @"objects.list"   -mcpu=cortex-m4 -T"C:\CubeIDE_Folder_program\CAN_Tst_2\CAN_TEST_2\STM32F303K8TX_FLASH.ld" --specs=nosys.specs -Wl,-Map="CAN_TEST_2.map" -Wl,--gc-sections -static --specs=nano.specs -mfpu=fpv4-sp-d16 -mfloat-abi=hard -mthumb -Wl,--start-group -lc -lm -Wl,--end-group
Finished building target: CAN_TEST_2.elf
 
arm-none-eabi-size  CAN_TEST_2.elf 
arm-none-eabi-objdump -h -S CAN_TEST_2.elf  > "CAN_TEST_2.list"
   text	   data	    bss	    dec	    hex	filename
  18392	    104	   2096	  20592	   5070	CAN_TEST_2.elf
Finished building: default.size.stdout
 
Finished building: CAN_TEST_2.list
 
17:30:20 **** Incremental Build of configuration Debug for project CAN_TEST_2 ****
make -j16 all 
arm-none-eabi-gcc "../Core/Src/main.c" -mcpu=cortex-m4 -std=gnu11 -g3 -DDEBUG -DUSE_HAL_DRIVER -DSTM32F303x8 -c -I../Core/Inc -IC:/Users/hukas/STM32Cube/Repository/STM32Cube_FW_F3_V1.11.5/Drivers/STM32F3xx_HAL_Driver/Inc -IC:/Users/hukas/STM32Cube/Repository/STM32Cube_FW_F3_V1.11.5/Drivers/STM32F3xx_HAL_Driver/Inc/Legacy -IC:/Users/hukas/STM32Cube/Repository/STM32Cube_FW_F3_V1.11.5/Drivers/CMSIS/Device/ST/STM32F3xx/Include -IC:/Users/hukas/STM32Cube/Repository/STM32Cube_FW_F3_V1.11.5/Drivers/CMSIS/Include -O0 -ffunction-sections -fdata-sections -Wall -fstack-usage -fcyclomatic-complexity -MMD -MP -MF"Core/Src/main.d" -MT"Core/Src/main.o" --specs=nano.specs -mfpu=fpv4-sp-d16 -mfloat-abi=hard -mthumb -o "Core/Src/main.o"
../Core/Src/main.c:1:1: error: expected identifier or '(' before '=' token
    1 | =/* USER CODE BEGIN Header */
      | ^
In file included from C:/Users/hukas/STM32Cube/Repository/STM32Cube_FW_F3_V1.11.5/Drivers/CMSIS/Device/ST/STM32F3xx/Include/stm32f3xx.h:133,
                 from C:/Users/hukas/STM32Cube/Repository/STM32Cube_FW_F3_V1.11.5/Drivers/STM32F3xx_HAL_Driver/Inc/stm32f3xx_hal_def.h:29,
                 from C:/Users/hukas/STM32Cube/Repository/STM32Cube_FW_F3_V1.11.5/Drivers/STM32F3xx_HAL_Driver/Inc/stm32f3xx_hal_rcc.h:27,
                 from ../Core/Inc/stm32f3xx_hal_conf.h:200,
                 from C:/Users/hukas/STM32Cube/Repository/STM32Cube_FW_F3_V1.11.5/Drivers/STM32F3xx_HAL_Driver/Inc/stm32f3xx_hal.h:29,
                 from ../Core/Inc/main.h:30,
                 from ../Core/Src/main.c:20:
C:/Users/hukas/STM32Cube/Repository/STM32Cube_FW_F3_V1.11.5/Drivers/CMSIS/Device/ST/STM32F3xx/Include/stm32f303x8.h:121:3: warning: data definition has no type or storage class
  121 | } IRQn_Type;
      |   ^~~~~~~~~
C:/Users/hukas/STM32Cube/Repository/STM32Cube_FW_F3_V1.11.5/Drivers/CMSIS/Device/ST/STM32F3xx/Include/stm32f303x8.h:121:3: warning: type defaults to 'int' in declaration of 'IRQn_Type' [-Wimplicit-int]
In file included from C:/Users/hukas/STM32Cube/Repository/STM32Cube_FW_F3_V1.11.5/Drivers/CMSIS/Device/ST/STM32F3xx/Include/stm32f303x8.h:127:
C:/Users/hukas/STM32Cube/Repository/STM32Cube_FW_F3_V1.11.5/Drivers/CMSIS/Include/core_cm4.h:1688:39: error: expected declaration specifiers or '...' before 'IRQn_Type'
 1688 | __STATIC_INLINE void __NVIC_EnableIRQ(IRQn_Type IRQn)
      |                                       ^~~~~~~~~
C:/Users/hukas/STM32Cube/Repository/STM32Cube_FW_F3_V1.11.5/Drivers/CMSIS/Include/core_cm4.h:1705:46: error: expected declaration specifiers or '...' before 'IRQn_Type'
 1705 | __STATIC_INLINE uint32_t __NVIC_GetEnableIRQ(IRQn_Type IRQn)
      |                                              ^~~~~~~~~
C:/Users/hukas/STM32Cube/Repository/STM32Cube_FW_F3_V1.11.5/Drivers/CMSIS/Include/core_cm4.h:1724:40: error: expected declaration specifiers or '...' before 'IRQn_Type'
 1724 | __STATIC_INLINE void __NVIC_DisableIRQ(IRQn_Type IRQn)
      |                                        ^~~~~~~~~
C:/Users/hukas/STM32Cube/Repository/STM32Cube_FW_F3_V1.11.5/Drivers/CMSIS/Include/core_cm4.h:1743:47: error: expected declaration specifiers or '...' before 'IRQn_Type'
 1743 | __STATIC_INLINE uint32_t __NVIC_GetPendingIRQ(IRQn_Type IRQn)
      |                                               ^~~~~~~~~
C:/Users/hukas/STM32Cube/Repository/STM32Cube_FW_F3_V1.11.5/Drivers/CMSIS/Include/core_cm4.h:1762:43: error: expected declaration specifiers or '...' before 'IRQn_Type'
 1762 | __STATIC_INLINE void __NVIC_SetPendingIRQ(IRQn_Type IRQn)
      |                                           ^~~~~~~~~
C:/Users/hukas/STM32Cube/Repository/STM32Cube_FW_F3_V1.11.5/Drivers/CMSIS/Include/core_cm4.h:1777:45: error: expected declaration specifiers or '...' before 'IRQn_Type'
 1777 | __STATIC_INLINE void __NVIC_ClearPendingIRQ(IRQn_Type IRQn)
      |                                             ^~~~~~~~~
C:/Users/hukas/STM32Cube/Repository/STM32Cube_FW_F3_V1.11.5/Drivers/CMSIS/Include/core_cm4.h:1794:43: error: expected declaration specifiers or '...' before 'IRQn_Type'
 1794 | __STATIC_INLINE uint32_t __NVIC_GetActive(IRQn_Type IRQn)
      |                                           ^~~~~~~~~
C:/Users/hukas/STM32Cube/Repository/STM32Cube_FW_F3_V1.11.5/Drivers/CMSIS/Include/core_cm4.h:1816:41: error: expected declaration specifiers or '...' before 'IRQn_Type'
 1816 | __STATIC_INLINE void __NVIC_SetPriority(IRQn_Type IRQn, uint32_t priority)
      |                                         ^~~~~~~~~
C:/Users/hukas/STM32Cube/Repository/STM32Cube_FW_F3_V1.11.5/Drivers/CMSIS/Include/core_cm4.h:1838:45: error: expected declaration specifiers or '...' before 'IRQn_Type'
 1838 | __STATIC_INLINE uint32_t __NVIC_GetPriority(IRQn_Type IRQn)
      |                                             ^~~~~~~~~
C:/Users/hukas/STM32Cube/Repository/STM32Cube_FW_F3_V1.11.5/Drivers/CMSIS/Include/core_cm4.h:1913:39: error: expected declaration specifiers or '...' before 'IRQn_Type'
 1913 | __STATIC_INLINE void __NVIC_SetVector(IRQn_Type IRQn, uint32_t vector)
      |                                       ^~~~~~~~~
C:/Users/hukas/STM32Cube/Repository/STM32Cube_FW_F3_V1.11.5/Drivers/CMSIS/Include/core_cm4.h:1928:43: error: expected declaration specifiers or '...' before 'IRQn_Type'
 1928 | __STATIC_INLINE uint32_t __NVIC_GetVector(IRQn_Type IRQn)
      |                                           ^~~~~~~~~
C:/Users/hukas/STM32Cube/Repository/STM32Cube_FW_F3_V1.11.5/Drivers/CMSIS/Include/core_cm4.h: In function 'SysTick_Config':
C:/Users/hukas/STM32Cube/Repository/STM32Cube_FW_F3_V1.11.5/Drivers/CMSIS/Include/core_cm4.h:1621:39: warning: implicit declaration of function '__NVIC_SetPriority'; did you mean 'NVIC_SetPriority'? [-Wimplicit-function-declaration]
 1621 |   #define NVIC_SetPriority            __NVIC_SetPriority
      |                                       ^~~~~~~~~~~~~~~~~~
C:/Users/hukas/STM32Cube/Repository/STM32Cube_FW_F3_V1.11.5/Drivers/CMSIS/Include/core_cm4.h:2030:3: note: in expansion of macro 'NVIC_SetPriority'
 2030 |   NVIC_SetPriority (SysTick_IRQn, (1UL << __NVIC_PRIO_BITS) - 1UL); /* set Priority for Systick Interrupt */
      |   ^~~~~~~~~~~~~~~~
C:/Users/hukas/STM32Cube/Repository/STM32Cube_FW_F3_V1.11.5/Drivers/CMSIS/Include/core_cm4.h:2030:21: error: 'SysTick_IRQn' undeclared (first use in this function); did you mean 'SysTick_Type'?
 2030 |   NVIC_SetPriority (SysTick_IRQn, (1UL << __NVIC_PRIO_BITS) - 1UL); /* set Priority for Systick Interrupt */
      |                     ^~~~~~~~~~~~
      |                     SysTick_Type
C:/Users/hukas/STM32Cube/Repository/STM32Cube_FW_F3_V1.11.5/Drivers/CMSIS/Include/core_cm4.h:2030:21: note: each undeclared identifier is reported only once for each function it appears in
In file included from ../Core/Inc/stm32f3xx_hal_conf.h:216:
C:/Users/hukas/STM32Cube/Repository/STM32Cube_FW_F3_V1.11.5/Drivers/STM32F3xx_HAL_Driver/Inc/stm32f3xx_hal_cortex.h: At top level:
C:/Users/hukas/STM32Cube/Repository/STM32Cube_FW_F3_V1.11.5/Drivers/STM32F3xx_HAL_Driver/Inc/stm32f3xx_hal_cortex.h:260:27: error: expected declaration specifiers or '...' before 'IRQn_Type'
  260 | void HAL_NVIC_SetPriority(IRQn_Type IRQn, uint32_t PreemptPriority, uint32_t SubPriority);
      |                           ^~~~~~~~~
C:/Users/hukas/STM32Cube/Repository/STM32Cube_FW_F3_V1.11.5/Drivers/STM32F3xx_HAL_Driver/Inc/stm32f3xx_hal_cortex.h:261:25: error: expected declaration specifiers or '...' before 'IRQn_Type'
  261 | void HAL_NVIC_EnableIRQ(IRQn_Type IRQn);
      |                         ^~~~~~~~~
C:/Users/hukas/STM32Cube/Repository/STM32Cube_FW_F3_V1.11.5/Drivers/STM32F3xx_HAL_Driver/Inc/stm32f3xx_hal_cortex.h:262:26: error: expected declaration specifiers or '...' before 'IRQn_Type'
  262 | void HAL_NVIC_DisableIRQ(IRQn_Type IRQn);
      |                          ^~~~~~~~~
C:/Users/hukas/STM32Cube/Repository/STM32Cube_FW_F3_V1.11.5/Drivers/STM32F3xx_HAL_Driver/Inc/stm32f3xx_hal_cortex.h:279:27: error: expected declaration specifiers or '...' before 'IRQn_Type'
  279 | void HAL_NVIC_GetPriority(IRQn_Type IRQn, uint32_t PriorityGroup, uint32_t* pPreemptPriority, uint32_t* pSubPriority);
      |                           ^~~~~~~~~
C:/Users/hukas/STM32Cube/Repository/STM32Cube_FW_F3_V1.11.5/Drivers/STM32F3xx_HAL_Driver/Inc/stm32f3xx_hal_cortex.h:280:33: error: expected declaration specifiers or '...' before 'IRQn_Type'
  280 | uint32_t HAL_NVIC_GetPendingIRQ(IRQn_Type IRQn);
      |                                 ^~~~~~~~~
C:/Users/hukas/STM32Cube/Repository/STM32Cube_FW_F3_V1.11.5/Drivers/STM32F3xx_HAL_Driver/Inc/stm32f3xx_hal_cortex.h:281:29: error: expected declaration specifiers or '...' before 'IRQn_Type'
  281 | void HAL_NVIC_SetPendingIRQ(IRQn_Type IRQn);
      |                             ^~~~~~~~~
C:/Users/hukas/STM32Cube/Repository/STM32Cube_FW_F3_V1.11.5/Drivers/STM32F3xx_HAL_Driver/Inc/stm32f3xx_hal_cortex.h:282:31: error: expected declaration specifiers or '...' before 'IRQn_Type'
  282 | void HAL_NVIC_ClearPendingIRQ(IRQn_Type IRQn);
      |                               ^~~~~~~~~
C:/Users/hukas/STM32Cube/Repository/STM32Cube_FW_F3_V1.11.5/Drivers/STM32F3xx_HAL_Driver/Inc/stm32f3xx_hal_cortex.h:283:29: error: expected declaration specifiers or '...' before 'IRQn_Type'
  283 | uint32_t HAL_NVIC_GetActive(IRQn_Type IRQn);
      |                             ^~~~~~~~~
make: *** [Core/Src/subdir.mk:34: Core/Src/main.o] Error 1
"make -j16 all" terminated with exit code 2. Build might be incomplete.
17:30:40 **** Incremental Build of configuration Debug for project CAN_TEST_2 ****
make -j16 all 
arm-none-eabi-gcc "../Core/Src/main.c" -mcpu=cortex-m4 -std=gnu11 -g3 -DDEBUG -DUSE_HAL_DRIVER -DSTM32F303x8 -c -I../Core/Inc -IC:/Users/hukas/STM32Cube/Repository/STM32Cube_FW_F3_V1.11.5/Drivers/STM32F3xx_HAL_Driver/Inc -IC:/Users/hukas/STM32Cube/Repository/STM32Cube_FW_F3_V1.11.5/Drivers/STM32F3xx_HAL_Driver/Inc/Legacy -IC:/Users/hukas/STM32Cube/Repository/STM32Cube_FW_F3_V1.11.5/Drivers/CMSIS/Device/ST/STM32F3xx/Include -IC:/Users/hukas/STM32Cube/Repository/STM32Cube_FW_F3_V1.11.5/Drivers/CMSIS/Include -O0 -ffunction-sections -fdata-sections -Wall -fstack-usage -fcyclomatic-complexity -MMD -MP -MF"Core/Src/main.d" -MT"Core/Src/main.o" --specs=nano.specs -mfpu=fpv4-sp-d16 -mfloat-abi=hard -mthumb -o "Core/Src/main.o"
arm-none-eabi-gcc -o "CAN_TEST_2.elf" @"objects.list"   -mcpu=cortex-m4 -T"C:\CubeIDE_Folder_program\CAN_Tst_2\CAN_TEST_2\STM32F303K8TX_FLASH.ld" --specs=nosys.specs -Wl,-Map="CAN_TEST_2.map" -Wl,--gc-sections -static --specs=nano.specs -mfpu=fpv4-sp-d16 -mfloat-abi=hard -mthumb -Wl,--start-group -lc -lm -Wl,--end-group
Finished building target: CAN_TEST_2.elf
 
arm-none-eabi-size  CAN_TEST_2.elf 
arm-none-eabi-objdump -h -S CAN_TEST_2.elf  > "CAN_TEST_2.list"
   text	   data	    bss	    dec	    hex	filename
  19040	    104	   2096	  21240	   52f8	CAN_TEST_2.elf
Finished building: default.size.stdout
 
Finished building: CAN_TEST_2.list
 
17:31:14 **** Incremental Build of configuration Debug for project CAN_TEST_2 ****
make -j16 all 
arm-none-eabi-gcc "../Core/Src/main.c" -mcpu=cortex-m4 -std=gnu11 -g3 -DDEBUG -DUSE_HAL_DRIVER -DSTM32F303x8 -c -I../Core/Inc -IC:/Users/hukas/STM32Cube/Repository/STM32Cube_FW_F3_V1.11.5/Drivers/STM32F3xx_HAL_Driver/Inc -IC:/Users/hukas/STM32Cube/Repository/STM32Cube_FW_F3_V1.11.5/Drivers/STM32F3xx_HAL_Driver/Inc/Legacy -IC:/Users/hukas/STM32Cube/Repository/STM32Cube_FW_F3_V1.11.5/Drivers/CMSIS/Device/ST/STM32F3xx/Include -IC:/Users/hukas/STM32Cube/Repository/STM32Cube_FW_F3_V1.11.5/Drivers/CMSIS/Include -O0 -ffunction-sections -fdata-sections -Wall -fstack-usage -fcyclomatic-complexity -MMD -MP -MF"Core/Src/main.d" -MT"Core/Src/main.o" --specs=nano.specs -mfpu=fpv4-sp-d16 -mfloat-abi=hard -mthumb -o "Core/Src/main.o"
../Core/Src/main.c:1:1: error: expected identifier or '(' before '.' token
    1 | ./* USER CODE BEGIN Header */
      | ^
In file included from C:/Users/hukas/STM32Cube/Repository/STM32Cube_FW_F3_V1.11.5/Drivers/CMSIS/Device/ST/STM32F3xx/Include/stm32f3xx.h:133,
                 from C:/Users/hukas/STM32Cube/Repository/STM32Cube_FW_F3_V1.11.5/Drivers/STM32F3xx_HAL_Driver/Inc/stm32f3xx_hal_def.h:29,
                 from C:/Users/hukas/STM32Cube/Repository/STM32Cube_FW_F3_V1.11.5/Drivers/STM32F3xx_HAL_Driver/Inc/stm32f3xx_hal_rcc.h:27,
                 from ../Core/Inc/stm32f3xx_hal_conf.h:200,
                 from C:/Users/hukas/STM32Cube/Repository/STM32Cube_FW_F3_V1.11.5/Drivers/STM32F3xx_HAL_Driver/Inc/stm32f3xx_hal.h:29,
                 from ../Core/Inc/main.h:30,
                 from ../Core/Src/main.c:20:
C:/Users/hukas/STM32Cube/Repository/STM32Cube_FW_F3_V1.11.5/Drivers/CMSIS/Device/ST/STM32F3xx/Include/stm32f303x8.h:121:3: warning: data definition has no type or storage class
  121 | } IRQn_Type;
      |   ^~~~~~~~~
C:/Users/hukas/STM32Cube/Repository/STM32Cube_FW_F3_V1.11.5/Drivers/CMSIS/Device/ST/STM32F3xx/Include/stm32f303x8.h:121:3: warning: type defaults to 'int' in declaration of 'IRQn_Type' [-Wimplicit-int]
In file included from C:/Users/hukas/STM32Cube/Repository/STM32Cube_FW_F3_V1.11.5/Drivers/CMSIS/Device/ST/STM32F3xx/Include/stm32f303x8.h:127:
C:/Users/hukas/STM32Cube/Repository/STM32Cube_FW_F3_V1.11.5/Drivers/CMSIS/Include/core_cm4.h:1688:39: error: expected declaration specifiers or '...' before 'IRQn_Type'
 1688 | __STATIC_INLINE void __NVIC_EnableIRQ(IRQn_Type IRQn)
      |                                       ^~~~~~~~~
C:/Users/hukas/STM32Cube/Repository/STM32Cube_FW_F3_V1.11.5/Drivers/CMSIS/Include/core_cm4.h:1705:46: error: expected declaration specifiers or '...' before 'IRQn_Type'
 1705 | __STATIC_INLINE uint32_t __NVIC_GetEnableIRQ(IRQn_Type IRQn)
      |                                              ^~~~~~~~~
C:/Users/hukas/STM32Cube/Repository/STM32Cube_FW_F3_V1.11.5/Drivers/CMSIS/Include/core_cm4.h:1724:40: error: expected declaration specifiers or '...' before 'IRQn_Type'
 1724 | __STATIC_INLINE void __NVIC_DisableIRQ(IRQn_Type IRQn)
      |                                        ^~~~~~~~~
C:/Users/hukas/STM32Cube/Repository/STM32Cube_FW_F3_V1.11.5/Drivers/CMSIS/Include/core_cm4.h:1743:47: error: expected declaration specifiers or '...' before 'IRQn_Type'
 1743 | __STATIC_INLINE uint32_t __NVIC_GetPendingIRQ(IRQn_Type IRQn)
      |                                               ^~~~~~~~~
C:/Users/hukas/STM32Cube/Repository/STM32Cube_FW_F3_V1.11.5/Drivers/CMSIS/Include/core_cm4.h:1762:43: error: expected declaration specifiers or '...' before 'IRQn_Type'
 1762 | __STATIC_INLINE void __NVIC_SetPendingIRQ(IRQn_Type IRQn)
      |                                           ^~~~~~~~~
C:/Users/hukas/STM32Cube/Repository/STM32Cube_FW_F3_V1.11.5/Drivers/CMSIS/Include/core_cm4.h:1777:45: error: expected declaration specifiers or '...' before 'IRQn_Type'
 1777 | __STATIC_INLINE void __NVIC_ClearPendingIRQ(IRQn_Type IRQn)
      |                                             ^~~~~~~~~
C:/Users/hukas/STM32Cube/Repository/STM32Cube_FW_F3_V1.11.5/Drivers/CMSIS/Include/core_cm4.h:1794:43: error: expected declaration specifiers or '...' before 'IRQn_Type'
 1794 | __STATIC_INLINE uint32_t __NVIC_GetActive(IRQn_Type IRQn)
      |                                           ^~~~~~~~~
C:/Users/hukas/STM32Cube/Repository/STM32Cube_FW_F3_V1.11.5/Drivers/CMSIS/Include/core_cm4.h:1816:41: error: expected declaration specifiers or '...' before 'IRQn_Type'
 1816 | __STATIC_INLINE void __NVIC_SetPriority(IRQn_Type IRQn, uint32_t priority)
      |                                         ^~~~~~~~~
C:/Users/hukas/STM32Cube/Repository/STM32Cube_FW_F3_V1.11.5/Drivers/CMSIS/Include/core_cm4.h:1838:45: error: expected declaration specifiers or '...' before 'IRQn_Type'
 1838 | __STATIC_INLINE uint32_t __NVIC_GetPriority(IRQn_Type IRQn)
      |                                             ^~~~~~~~~
C:/Users/hukas/STM32Cube/Repository/STM32Cube_FW_F3_V1.11.5/Drivers/CMSIS/Include/core_cm4.h:1913:39: error: expected declaration specifiers or '...' before 'IRQn_Type'
 1913 | __STATIC_INLINE void __NVIC_SetVector(IRQn_Type IRQn, uint32_t vector)
      |                                       ^~~~~~~~~
C:/Users/hukas/STM32Cube/Repository/STM32Cube_FW_F3_V1.11.5/Drivers/CMSIS/Include/core_cm4.h:1928:43: error: expected declaration specifiers or '...' before 'IRQn_Type'
 1928 | __STATIC_INLINE uint32_t __NVIC_GetVector(IRQn_Type IRQn)
      |                                           ^~~~~~~~~
C:/Users/hukas/STM32Cube/Repository/STM32Cube_FW_F3_V1.11.5/Drivers/CMSIS/Include/core_cm4.h: In function 'SysTick_Config':
C:/Users/hukas/STM32Cube/Repository/STM32Cube_FW_F3_V1.11.5/Drivers/CMSIS/Include/core_cm4.h:1621:39: warning: implicit declaration of function '__NVIC_SetPriority'; did you mean 'NVIC_SetPriority'? [-Wimplicit-function-declaration]
 1621 |   #define NVIC_SetPriority            __NVIC_SetPriority
      |                                       ^~~~~~~~~~~~~~~~~~
C:/Users/hukas/STM32Cube/Repository/STM32Cube_FW_F3_V1.11.5/Drivers/CMSIS/Include/core_cm4.h:2030:3: note: in expansion of macro 'NVIC_SetPriority'
 2030 |   NVIC_SetPriority (SysTick_IRQn, (1UL << __NVIC_PRIO_BITS) - 1UL); /* set Priority for Systick Interrupt */
      |   ^~~~~~~~~~~~~~~~
C:/Users/hukas/STM32Cube/Repository/STM32Cube_FW_F3_V1.11.5/Drivers/CMSIS/Include/core_cm4.h:2030:21: error: 'SysTick_IRQn' undeclared (first use in this function); did you mean 'SysTick_Type'?
 2030 |   NVIC_SetPriority (SysTick_IRQn, (1UL << __NVIC_PRIO_BITS) - 1UL); /* set Priority for Systick Interrupt */
      |                     ^~~~~~~~~~~~
      |                     SysTick_Type
C:/Users/hukas/STM32Cube/Repository/STM32Cube_FW_F3_V1.11.5/Drivers/CMSIS/Include/core_cm4.h:2030:21: note: each undeclared identifier is reported only once for each function it appears in
In file included from ../Core/Inc/stm32f3xx_hal_conf.h:216:
C:/Users/hukas/STM32Cube/Repository/STM32Cube_FW_F3_V1.11.5/Drivers/STM32F3xx_HAL_Driver/Inc/stm32f3xx_hal_cortex.h: At top level:
C:/Users/hukas/STM32Cube/Repository/STM32Cube_FW_F3_V1.11.5/Drivers/STM32F3xx_HAL_Driver/Inc/stm32f3xx_hal_cortex.h:260:27: error: expected declaration specifiers or '...' before 'IRQn_Type'
  260 | void HAL_NVIC_SetPriority(IRQn_Type IRQn, uint32_t PreemptPriority, uint32_t SubPriority);
      |                           ^~~~~~~~~
C:/Users/hukas/STM32Cube/Repository/STM32Cube_FW_F3_V1.11.5/Drivers/STM32F3xx_HAL_Driver/Inc/stm32f3xx_hal_cortex.h:261:25: error: expected declaration specifiers or '...' before 'IRQn_Type'
  261 | void HAL_NVIC_EnableIRQ(IRQn_Type IRQn);
      |                         ^~~~~~~~~
C:/Users/hukas/STM32Cube/Repository/STM32Cube_FW_F3_V1.11.5/Drivers/STM32F3xx_HAL_Driver/Inc/stm32f3xx_hal_cortex.h:262:26: error: expected declaration specifiers or '...' before 'IRQn_Type'
  262 | void HAL_NVIC_DisableIRQ(IRQn_Type IRQn);
      |                          ^~~~~~~~~
C:/Users/hukas/STM32Cube/Repository/STM32Cube_FW_F3_V1.11.5/Drivers/STM32F3xx_HAL_Driver/Inc/stm32f3xx_hal_cortex.h:279:27: error: expected declaration specifiers or '...' before 'IRQn_Type'
  279 | void HAL_NVIC_GetPriority(IRQn_Type IRQn, uint32_t PriorityGroup, uint32_t* pPreemptPriority, uint32_t* pSubPriority);
      |                           ^~~~~~~~~
C:/Users/hukas/STM32Cube/Repository/STM32Cube_FW_F3_V1.11.5/Drivers/STM32F3xx_HAL_Driver/Inc/stm32f3xx_hal_cortex.h:280:33: error: expected declaration specifiers or '...' before 'IRQn_Type'
  280 | uint32_t HAL_NVIC_GetPendingIRQ(IRQn_Type IRQn);
      |                                 ^~~~~~~~~
C:/Users/hukas/STM32Cube/Repository/STM32Cube_FW_F3_V1.11.5/Drivers/STM32F3xx_HAL_Driver/Inc/stm32f3xx_hal_cortex.h:281:29: error: expected declaration specifiers or '...' before 'IRQn_Type'
  281 | void HAL_NVIC_SetPendingIRQ(IRQn_Type IRQn);
      |                             ^~~~~~~~~
C:/Users/hukas/STM32Cube/Repository/STM32Cube_FW_F3_V1.11.5/Drivers/STM32F3xx_HAL_Driver/Inc/stm32f3xx_hal_cortex.h:282:31: error: expected declaration specifiers or '...' before 'IRQn_Type'
  282 | void HAL_NVIC_ClearPendingIRQ(IRQn_Type IRQn);
      |                               ^~~~~~~~~
C:/Users/hukas/STM32Cube/Repository/STM32Cube_FW_F3_V1.11.5/Drivers/STM32F3xx_HAL_Driver/Inc/stm32f3xx_hal_cortex.h:283:29: error: expected declaration specifiers or '...' before 'IRQn_Type'
  283 | uint32_t HAL_NVIC_GetActive(IRQn_Type IRQn);
      |                             ^~~~~~~~~
make: *** [Core/Src/subdir.mk:34: Core/Src/main.o] Error 1
"make -j16 all" terminated with exit code 2. Build might be incomplete.
17:31:41 **** Incremental Build of configuration Debug for project CAN_TEST_2 ****
make -j16 all 
arm-none-eabi-gcc "../Core/Src/main.c" -mcpu=cortex-m4 -std=gnu11 -g3 -DDEBUG -DUSE_HAL_DRIVER -DSTM32F303x8 -c -I../Core/Inc -IC:/Users/hukas/STM32Cube/Repository/STM32Cube_FW_F3_V1.11.5/Drivers/STM32F3xx_HAL_Driver/Inc -IC:/Users/hukas/STM32Cube/Repository/STM32Cube_FW_F3_V1.11.5/Drivers/STM32F3xx_HAL_Driver/Inc/Legacy -IC:/Users/hukas/STM32Cube/Repository/STM32Cube_FW_F3_V1.11.5/Drivers/CMSIS/Device/ST/STM32F3xx/Include -IC:/Users/hukas/STM32Cube/Repository/STM32Cube_FW_F3_V1.11.5/Drivers/CMSIS/Include -O0 -ffunction-sections -fdata-sections -Wall -fstack-usage -fcyclomatic-complexity -MMD -MP -MF"Core/Src/main.d" -MT"Core/Src/main.o" --specs=nano.specs -mfpu=fpv4-sp-d16 -mfloat-abi=hard -mthumb -o "Core/Src/main.o"
arm-none-eabi-gcc -o "CAN_TEST_2.elf" @"objects.list"   -mcpu=cortex-m4 -T"C:\CubeIDE_Folder_program\CAN_Tst_2\CAN_TEST_2\STM32F303K8TX_FLASH.ld" --specs=nosys.specs -Wl,-Map="CAN_TEST_2.map" -Wl,--gc-sections -static --specs=nano.specs -mfpu=fpv4-sp-d16 -mfloat-abi=hard -mthumb -Wl,--start-group -lc -lm -Wl,--end-group
Finished building target: CAN_TEST_2.elf
 
arm-none-eabi-size  CAN_TEST_2.elf 
arm-none-eabi-objdump -h -S CAN_TEST_2.elf  > "CAN_TEST_2.list"
   text	   data	    bss	    dec	    hex	filename
  19040	    104	   2096	  21240	   52f8	CAN_TEST_2.elf
Finished building: default.size.stdout
 
Finished building: CAN_TEST_2.list
 
17:48:55 **** Incremental Build of configuration Debug for project CAN_TEST_2 ****
make -j16 all 
arm-none-eabi-gcc "../Core/Src/main.c" -mcpu=cortex-m4 -std=gnu11 -g3 -DDEBUG -DUSE_HAL_DRIVER -DSTM32F303x8 -c -I../Core/Inc -IC:/Users/hukas/STM32Cube/Repository/STM32Cube_FW_F3_V1.11.5/Drivers/STM32F3xx_HAL_Driver/Inc -IC:/Users/hukas/STM32Cube/Repository/STM32Cube_FW_F3_V1.11.5/Drivers/STM32F3xx_HAL_Driver/Inc/Legacy -IC:/Users/hukas/STM32Cube/Repository/STM32Cube_FW_F3_V1.11.5/Drivers/CMSIS/Device/ST/STM32F3xx/Include -IC:/Users/hukas/STM32Cube/Repository/STM32Cube_FW_F3_V1.11.5/Drivers/CMSIS/Include -O0 -ffunction-sections -fdata-sections -Wall -fstack-usage -fcyclomatic-complexity -MMD -MP -MF"Core/Src/main.d" -MT"Core/Src/main.o" --specs=nano.specs -mfpu=fpv4-sp-d16 -mfloat-abi=hard -mthumb -o "Core/Src/main.o"
arm-none-eabi-gcc -o "CAN_TEST_2.elf" @"objects.list"   -mcpu=cortex-m4 -T"C:\CubeIDE_Folder_program\CAN_Tst_2\CAN_TEST_2\STM32F303K8TX_FLASH.ld" --specs=nosys.specs -Wl,-Map="CAN_TEST_2.map" -Wl,--gc-sections -static --specs=nano.specs -mfpu=fpv4-sp-d16 -mfloat-abi=hard -mthumb -Wl,--start-group -lc -lm -Wl,--end-group
Finished building target: CAN_TEST_2.elf
 
arm-none-eabi-size  CAN_TEST_2.elf 
arm-none-eabi-objdump -h -S CAN_TEST_2.elf  > "CAN_TEST_2.list"
   text	   data	    bss	    dec	    hex	filename
  19040	    104	   2096	  21240	   52f8	CAN_TEST_2.elf
Finished building: default.size.stdout
 
Finished building: CAN_TEST_2.list
 
17:49:17 **** Incremental Build of configuration Debug for project CAN_TEST_2 ****
make -j16 all 
arm-none-eabi-size  CAN_TEST_2.elf 
   text	   data	    bss	    dec	    hex	filename
  19040	    104	   2096	  21240	   52f8	CAN_TEST_2.elf
Finished building: default.size.stdout
 
17:50:34 **** Incremental Build of configuration Debug for project CAN_TEST_2 ****
make -j16 all 
arm-none-eabi-gcc "../Core/Src/main.c" -mcpu=cortex-m4 -std=gnu11 -g3 -DDEBUG -DUSE_HAL_DRIVER -DSTM32F303x8 -c -I../Core/Inc -IC:/Users/hukas/STM32Cube/Repository/STM32Cube_FW_F3_V1.11.5/Drivers/STM32F3xx_HAL_Driver/Inc -IC:/Users/hukas/STM32Cube/Repository/STM32Cube_FW_F3_V1.11.5/Drivers/STM32F3xx_HAL_Driver/Inc/Legacy -IC:/Users/hukas/STM32Cube/Repository/STM32Cube_FW_F3_V1.11.5/Drivers/CMSIS/Device/ST/STM32F3xx/Include -IC:/Users/hukas/STM32Cube/Repository/STM32Cube_FW_F3_V1.11.5/Drivers/CMSIS/Include -O0 -ffunction-sections -fdata-sections -Wall -fstack-usage -fcyclomatic-complexity -MMD -MP -MF"Core/Src/main.d" -MT"Core/Src/main.o" --specs=nano.specs -mfpu=fpv4-sp-d16 -mfloat-abi=hard -mthumb -o "Core/Src/main.o"
../Core/Src/main.c: In function 'main':
../Core/Src/main.c:505:30: error: expected ']' before ')' token
  505 |    printf("%d\r\n",use_data[0);
      |                              ^
      |                              ]
../Core/Src/main.c:514:4: warning: implicit declaration of function 'HAL_DELAY'; did you mean 'HAL_Delay'? [-Wimplicit-function-declaration]
  514 |    HAL_DELAY(500);
      |    ^~~~~~~~~
      |    HAL_Delay
make: *** [Core/Src/subdir.mk:34: Core/Src/main.o] Error 1
"make -j16 all" terminated with exit code 2. Build might be incomplete.
17:50:38 **** Incremental Build of configuration Debug for project CAN_TEST_2 ****
make -j16 all 
arm-none-eabi-gcc "../Core/Src/main.c" -mcpu=cortex-m4 -std=gnu11 -g3 -DDEBUG -DUSE_HAL_DRIVER -DSTM32F303x8 -c -I../Core/Inc -IC:/Users/hukas/STM32Cube/Repository/STM32Cube_FW_F3_V1.11.5/Drivers/STM32F3xx_HAL_Driver/Inc -IC:/Users/hukas/STM32Cube/Repository/STM32Cube_FW_F3_V1.11.5/Drivers/STM32F3xx_HAL_Driver/Inc/Legacy -IC:/Users/hukas/STM32Cube/Repository/STM32Cube_FW_F3_V1.11.5/Drivers/CMSIS/Device/ST/STM32F3xx/Include -IC:/Users/hukas/STM32Cube/Repository/STM32Cube_FW_F3_V1.11.5/Drivers/CMSIS/Include -O0 -ffunction-sections -fdata-sections -Wall -fstack-usage -fcyclomatic-complexity -MMD -MP -MF"Core/Src/main.d" -MT"Core/Src/main.o" --specs=nano.specs -mfpu=fpv4-sp-d16 -mfloat-abi=hard -mthumb -o "Core/Src/main.o"
../Core/Src/main.c: In function 'main':
../Core/Src/main.c:505:30: error: expected ']' before ')' token
  505 |    printf("%d\r\n",use_data[0);
      |                              ^
      |                              ]
../Core/Src/main.c:514:4: warning: implicit declaration of function 'HAL_DELAY'; did you mean 'HAL_Delay'? [-Wimplicit-function-declaration]
  514 |    HAL_DELAY(500);
      |    ^~~~~~~~~
      |    HAL_Delay
make: *** [Core/Src/subdir.mk:34: Core/Src/main.o] Error 1
"make -j16 all" terminated with exit code 2. Build might be incomplete.
17:50:43 **** Incremental Build of configuration Debug for project CAN_TEST_2 ****
make -j16 all 
arm-none-eabi-gcc "../Core/Src/main.c" -mcpu=cortex-m4 -std=gnu11 -g3 -DDEBUG -DUSE_HAL_DRIVER -DSTM32F303x8 -c -I../Core/Inc -IC:/Users/hukas/STM32Cube/Repository/STM32Cube_FW_F3_V1.11.5/Drivers/STM32F3xx_HAL_Driver/Inc -IC:/Users/hukas/STM32Cube/Repository/STM32Cube_FW_F3_V1.11.5/Drivers/STM32F3xx_HAL_Driver/Inc/Legacy -IC:/Users/hukas/STM32Cube/Repository/STM32Cube_FW_F3_V1.11.5/Drivers/CMSIS/Device/ST/STM32F3xx/Include -IC:/Users/hukas/STM32Cube/Repository/STM32Cube_FW_F3_V1.11.5/Drivers/CMSIS/Include -O0 -ffunction-sections -fdata-sections -Wall -fstack-usage -fcyclomatic-complexity -MMD -MP -MF"Core/Src/main.d" -MT"Core/Src/main.o" --specs=nano.specs -mfpu=fpv4-sp-d16 -mfloat-abi=hard -mthumb -o "Core/Src/main.o"
../Core/Src/main.c: In function 'main':
../Core/Src/main.c:505:30: error: expected ']' before ')' token
  505 |    printf("%d\r\n",use_data[0);
      |                              ^
      |                              ]
../Core/Src/main.c:514:4: warning: implicit declaration of function 'HAL_DELAY'; did you mean 'HAL_Delay'? [-Wimplicit-function-declaration]
  514 |    HAL_DELAY(500);
      |    ^~~~~~~~~
      |    HAL_Delay
make: *** [Core/Src/subdir.mk:34: Core/Src/main.o] Error 1
"make -j16 all" terminated with exit code 2. Build might be incomplete.
17:51:02 **** Incremental Build of configuration Debug for project CAN_TEST_2 ****
make -j16 all 
arm-none-eabi-gcc "../Core/Src/main.c" -mcpu=cortex-m4 -std=gnu11 -g3 -DDEBUG -DUSE_HAL_DRIVER -DSTM32F303x8 -c -I../Core/Inc -IC:/Users/hukas/STM32Cube/Repository/STM32Cube_FW_F3_V1.11.5/Drivers/STM32F3xx_HAL_Driver/Inc -IC:/Users/hukas/STM32Cube/Repository/STM32Cube_FW_F3_V1.11.5/Drivers/STM32F3xx_HAL_Driver/Inc/Legacy -IC:/Users/hukas/STM32Cube/Repository/STM32Cube_FW_F3_V1.11.5/Drivers/CMSIS/Device/ST/STM32F3xx/Include -IC:/Users/hukas/STM32Cube/Repository/STM32Cube_FW_F3_V1.11.5/Drivers/CMSIS/Include -O0 -ffunction-sections -fdata-sections -Wall -fstack-usage -fcyclomatic-complexity -MMD -MP -MF"Core/Src/main.d" -MT"Core/Src/main.o" --specs=nano.specs -mfpu=fpv4-sp-d16 -mfloat-abi=hard -mthumb -o "Core/Src/main.o"
../Core/Src/main.c: In function 'main':
../Core/Src/main.c:505:31: error: expected ')' before ';' token
  505 |    printf("%d\r\n",use_data[0];
      |          ~                    ^
      |                               )
../Core/Src/main.c:514:19: error: expected ';' before '}' token
  514 |    HAL_DELAY(500);
      |                   ^
      |                   ;
......
  517 |   }
      |   ~                
make: *** [Core/Src/subdir.mk:34: Core/Src/main.o] Error 1
"make -j16 all" terminated with exit code 2. Build might be incomplete.
17:51:27 **** Incremental Build of configuration Debug for project CAN_TEST_2 ****
make -j16 all 
arm-none-eabi-gcc "../Core/Src/main.c" -mcpu=cortex-m4 -std=gnu11 -g3 -DDEBUG -DUSE_HAL_DRIVER -DSTM32F303x8 -c -I../Core/Inc -IC:/Users/hukas/STM32Cube/Repository/STM32Cube_FW_F3_V1.11.5/Drivers/STM32F3xx_HAL_Driver/Inc -IC:/Users/hukas/STM32Cube/Repository/STM32Cube_FW_F3_V1.11.5/Drivers/STM32F3xx_HAL_Driver/Inc/Legacy -IC:/Users/hukas/STM32Cube/Repository/STM32Cube_FW_F3_V1.11.5/Drivers/CMSIS/Device/ST/STM32F3xx/Include -IC:/Users/hukas/STM32Cube/Repository/STM32Cube_FW_F3_V1.11.5/Drivers/CMSIS/Include -O0 -ffunction-sections -fdata-sections -Wall -fstack-usage -fcyclomatic-complexity -MMD -MP -MF"Core/Src/main.d" -MT"Core/Src/main.o" --specs=nano.specs -mfpu=fpv4-sp-d16 -mfloat-abi=hard -mthumb -o "Core/Src/main.o"
../Core/Src/main.c: In function 'main':
../Core/Src/main.c:514:4: warning: implicit declaration of function 'HAL_DELAY'; did you mean 'HAL_Delay'? [-Wimplicit-function-declaration]
  514 |    HAL_DELAY(500);
      |    ^~~~~~~~~
      |    HAL_Delay
arm-none-eabi-gcc -o "CAN_TEST_2.elf" @"objects.list"   -mcpu=cortex-m4 -T"C:\CubeIDE_Folder_program\CAN_Tst_2\CAN_TEST_2\STM32F303K8TX_FLASH.ld" --specs=nosys.specs -Wl,-Map="CAN_TEST_2.map" -Wl,--gc-sections -static --specs=nano.specs -mfpu=fpv4-sp-d16 -mfloat-abi=hard -mthumb -Wl,--start-group -lc -lm -Wl,--end-group
C:/ST/STM32CubeIDE_1.19.0/STM32CubeIDE/plugins/com.st.stm32cube.ide.mcu.externaltools.gnu-tools-for-stm32.13.3.rel1.win32_1.0.0.202411081344/tools/bin/../lib/gcc/arm-none-eabi/13.3.1/../../../../arm-none-eabi/bin/ld.exe: ./Core/Src/main.o: in function `main':
C:/CubeIDE_Folder_program/CAN_Tst_2/CAN_TEST_2/Debug/../Core/Src/main.c:514:(.text.main+0xb0): undefined reference to `HAL_DELAY'
collect2.exe: error: ld returned 1 exit status
make: *** [makefile:64: CAN_TEST_2.elf] Error 1
"make -j16 all" terminated with exit code 2. Build might be incomplete.
17:51:54 **** Incremental Build of configuration Debug for project CAN_TEST_2 ****
make -j16 all 
arm-none-eabi-gcc -o "CAN_TEST_2.elf" @"objects.list"   -mcpu=cortex-m4 -T"C:\CubeIDE_Folder_program\CAN_Tst_2\CAN_TEST_2\STM32F303K8TX_FLASH.ld" --specs=nosys.specs -Wl,-Map="CAN_TEST_2.map" -Wl,--gc-sections -static --specs=nano.specs -mfpu=fpv4-sp-d16 -mfloat-abi=hard -mthumb -Wl,--start-group -lc -lm -Wl,--end-group
C:/ST/STM32CubeIDE_1.19.0/STM32CubeIDE/plugins/com.st.stm32cube.ide.mcu.externaltools.gnu-tools-for-stm32.13.3.rel1.win32_1.0.0.202411081344/tools/bin/../lib/gcc/arm-none-eabi/13.3.1/../../../../arm-none-eabi/bin/ld.exe: ./Core/Src/main.o: in function `main':
C:/CubeIDE_Folder_program/CAN_Tst_2/CAN_TEST_2/Debug/../Core/Src/main.c:514:(.text.main+0xb0): undefined reference to `HAL_DELAY'
collect2.exe: error: ld returned 1 exit status
make: *** [makefile:64: CAN_TEST_2.elf] Error 1
"make -j16 all" terminated with exit code 2. Build might be incomplete.
17:52:14 **** Incremental Build of configuration Debug for project CAN_TEST_2 ****
make -j16 all 
arm-none-eabi-gcc -o "CAN_TEST_2.elf" @"objects.list"   -mcpu=cortex-m4 -T"C:\CubeIDE_Folder_program\CAN_Tst_2\CAN_TEST_2\STM32F303K8TX_FLASH.ld" --specs=nosys.specs -Wl,-Map="CAN_TEST_2.map" -Wl,--gc-sections -static --specs=nano.specs -mfpu=fpv4-sp-d16 -mfloat-abi=hard -mthumb -Wl,--start-group -lc -lm -Wl,--end-group
C:/ST/STM32CubeIDE_1.19.0/STM32CubeIDE/plugins/com.st.stm32cube.ide.mcu.externaltools.gnu-tools-for-stm32.13.3.rel1.win32_1.0.0.202411081344/tools/bin/../lib/gcc/arm-none-eabi/13.3.1/../../../../arm-none-eabi/bin/ld.exe: ./Core/Src/main.o: in function `main':
C:/CubeIDE_Folder_program/CAN_Tst_2/CAN_TEST_2/Debug/../Core/Src/main.c:514:(.text.main+0xb0): undefined reference to `HAL_DELAY'
collect2.exe: error: ld returned 1 exit status
make: *** [makefile:64: CAN_TEST_2.elf] Error 1
"make -j16 all" terminated with exit code 2. Build might be incomplete.
17:52:50 **** Incremental Build of configuration Debug for project CAN_TEST_2 ****
make -j16 all 
arm-none-eabi-gcc -o "CAN_TEST_2.elf" @"objects.list"   -mcpu=cortex-m4 -T"C:\CubeIDE_Folder_program\CAN_Tst_2\CAN_TEST_2\STM32F303K8TX_FLASH.ld" --specs=nosys.specs -Wl,-Map="CAN_TEST_2.map" -Wl,--gc-sections -static --specs=nano.specs -mfpu=fpv4-sp-d16 -mfloat-abi=hard -mthumb -Wl,--start-group -lc -lm -Wl,--end-group
C:/ST/STM32CubeIDE_1.19.0/STM32CubeIDE/plugins/com.st.stm32cube.ide.mcu.externaltools.gnu-tools-for-stm32.13.3.rel1.win32_1.0.0.202411081344/tools/bin/../lib/gcc/arm-none-eabi/13.3.1/../../../../arm-none-eabi/bin/ld.exe: ./Core/Src/main.o: in function `main':
C:/CubeIDE_Folder_program/CAN_Tst_2/CAN_TEST_2/Debug/../Core/Src/main.c:514:(.text.main+0xb0): undefined reference to `HAL_DELAY'
collect2.exe: error: ld returned 1 exit status
make: *** [makefile:64: CAN_TEST_2.elf] Error 1
"make -j16 all" terminated with exit code 2. Build might be incomplete.
17:53:26 **** Incremental Build of configuration Debug for project CAN_TEST_2 ****
make -j16 all 
arm-none-eabi-gcc "../Core/Src/main.c" -mcpu=cortex-m4 -std=gnu11 -g3 -DDEBUG -DUSE_HAL_DRIVER -DSTM32F303x8 -c -I../Core/Inc -IC:/Users/hukas/STM32Cube/Repository/STM32Cube_FW_F3_V1.11.5/Drivers/STM32F3xx_HAL_Driver/Inc -IC:/Users/hukas/STM32Cube/Repository/STM32Cube_FW_F3_V1.11.5/Drivers/STM32F3xx_HAL_Driver/Inc/Legacy -IC:/Users/hukas/STM32Cube/Repository/STM32Cube_FW_F3_V1.11.5/Drivers/CMSIS/Device/ST/STM32F3xx/Include -IC:/Users/hukas/STM32Cube/Repository/STM32Cube_FW_F3_V1.11.5/Drivers/CMSIS/Include -O0 -ffunction-sections -fdata-sections -Wall -fstack-usage -fcyclomatic-complexity -MMD -MP -MF"Core/Src/main.d" -MT"Core/Src/main.o" --specs=nano.specs -mfpu=fpv4-sp-d16 -mfloat-abi=hard -mthumb -o "Core/Src/main.o"
../Core/Src/main.c:353:1: error: expected identifier or '(' before numeric constant
  353 | 10^60
      | ^~
../Core/Src/main.c:357:17: error: stray '\343' in program
  357 | <U+3053><U+308C><U+306F><U+30C1><U+30E3><U+30F3><U+30CD><U+30EB><U+300C>#<U+4E2D><U+5CF6>-<U+672A><U+7D50><U+300D><U+306E><U+59CB><U+307E><U+308A><U+3067><U+3059><U+3002>
      |                                                                 ^~~~~~~~
../Core/Src/main.c:357:19: error: stray '#' in program
  357 | これはチャンネル「#中島-未結」の始まりです。
      |                   ^
../Core/Src/main.c:357:29: error: stray '\343' in program
  357 | <U+3053><U+308C><U+306F><U+30C1><U+30E3><U+30F3><U+30CD><U+30EB><U+300C>#<U+4E2D><U+5CF6>-<U+672A><U+7D50><U+300D><U+306E><U+59CB><U+307E><U+308A><U+3067><U+3059><U+3002>
      |                                                                                                           ^~~~~~~~
../Core/Src/main.c:357:43: error: stray '\343' in program
  357 | <U+3053><U+308C><U+306F><U+30C1><U+30E3><U+30F3><U+30CD><U+30EB><U+300C>#<U+4E2D><U+5CF6>-<U+672A><U+7D50><U+300D><U+306E><U+59CB><U+307E><U+308A><U+3067><U+3059><U+3002>
      |                                                                                                                                                                   ^~~~~~~~
../Core/Src/main.c:358:10: error: stray '\342' in program
  358 | <U+4E2D><U+5CF6><U+672A><U+7D50> <U+2014> 2025/03/02 8:12
      |                                  ^~~~~~~~
../Core/Src/main.c:359:35: error: stray '\342' in program
  359 | <U+6628><U+65E5><U+306F><U+4F1A><U+8B70><U+884C><U+3051><U+306A><U+304F><U+3066><U+3054><U+3081><U+3093><U+306A><U+3055><U+3044><U+1F647><U+200D><U+2640><U+FE0F>
      |                                                                                                                                                  ^~~~~~~~
../Core/Src/main.c:361:18: error: stray '\342' in program
  361 | <U+00B2><U+2070>Ne<U+3068><U+00B2><U+00B9>Ne<U+3068><U+00B2><U+00B2>Ne <U+2014> 2025/03/14 15:43
      |                                                                        ^~~~~~~~
../Core/Src/main.c:365:1: error: invalid suffix "D" on integer constant
  365 | 2D 土居那侑多 — 2025/04/21 17:51
      | ^~
../Core/Src/main.c:365:15: error: stray '\342' in program
  365 | 2D <U+571F><U+5C45><U+90A3><U+4F91><U+591A> <U+2014> 2025/04/21 17:51
      |                                             ^~~~~~~~
../Core/Src/main.c:367:10: fatal error: Arduino.h: No such file or directory
  367 | #include <Arduino.h>
      |          ^~~~~~~~~~~
compilation terminated.
make: *** [Core/Src/subdir.mk:34: Core/Src/main.o] Error 1
"make -j16 all" terminated with exit code 2. Build might be incomplete.
17:54:21 **** Incremental Build of configuration Debug for project CAN_TEST_2 ****
make -j16 all 
arm-none-eabi-gcc "../Core/Src/main.c" -mcpu=cortex-m4 -std=gnu11 -g3 -DDEBUG -DUSE_HAL_DRIVER -DSTM32F303x8 -c -I../Core/Inc -IC:/Users/hukas/STM32Cube/Repository/STM32Cube_FW_F3_V1.11.5/Drivers/STM32F3xx_HAL_Driver/Inc -IC:/Users/hukas/STM32Cube/Repository/STM32Cube_FW_F3_V1.11.5/Drivers/STM32F3xx_HAL_Driver/Inc/Legacy -IC:/Users/hukas/STM32Cube/Repository/STM32Cube_FW_F3_V1.11.5/Drivers/CMSIS/Device/ST/STM32F3xx/Include -IC:/Users/hukas/STM32Cube/Repository/STM32Cube_FW_F3_V1.11.5/Drivers/CMSIS/Include -O0 -ffunction-sections -fdata-sections -Wall -fstack-usage -fcyclomatic-complexity -MMD -MP -MF"Core/Src/main.d" -MT"Core/Src/main.o" --specs=nano.specs -mfpu=fpv4-sp-d16 -mfloat-abi=hard -mthumb -o "Core/Src/main.o"
../Core/Src/main.c: In function 'main':
../Core/Src/main.c:514:4: warning: implicit declaration of function 'HAL_DELAY'; did you mean 'HAL_Delay'? [-Wimplicit-function-declaration]
  514 |    HAL_DELAY(500);
      |    ^~~~~~~~~
      |    HAL_Delay
arm-none-eabi-gcc -o "CAN_TEST_2.elf" @"objects.list"   -mcpu=cortex-m4 -T"C:\CubeIDE_Folder_program\CAN_Tst_2\CAN_TEST_2\STM32F303K8TX_FLASH.ld" --specs=nosys.specs -Wl,-Map="CAN_TEST_2.map" -Wl,--gc-sections -static --specs=nano.specs -mfpu=fpv4-sp-d16 -mfloat-abi=hard -mthumb -Wl,--start-group -lc -lm -Wl,--end-group
C:/ST/STM32CubeIDE_1.19.0/STM32CubeIDE/plugins/com.st.stm32cube.ide.mcu.externaltools.gnu-tools-for-stm32.13.3.rel1.win32_1.0.0.202411081344/tools/bin/../lib/gcc/arm-none-eabi/13.3.1/../../../../arm-none-eabi/bin/ld.exe: ./Core/Src/main.o: in function `main':
C:/CubeIDE_Folder_program/CAN_Tst_2/CAN_TEST_2/Debug/../Core/Src/main.c:514:(.text.main+0xb0): undefined reference to `HAL_DELAY'
collect2.exe: error: ld returned 1 exit status
make: *** [makefile:64: CAN_TEST_2.elf] Error 1
"make -j16 all" terminated with exit code 2. Build might be incomplete.
17:54:35 **** Incremental Build of configuration Debug for project CAN_TEST_2 ****
make -j16 all 
arm-none-eabi-gcc "../Core/Src/main.c" -mcpu=cortex-m4 -std=gnu11 -g3 -DDEBUG -DUSE_HAL_DRIVER -DSTM32F303x8 -c -I../Core/Inc -IC:/Users/hukas/STM32Cube/Repository/STM32Cube_FW_F3_V1.11.5/Drivers/STM32F3xx_HAL_Driver/Inc -IC:/Users/hukas/STM32Cube/Repository/STM32Cube_FW_F3_V1.11.5/Drivers/STM32F3xx_HAL_Driver/Inc/Legacy -IC:/Users/hukas/STM32Cube/Repository/STM32Cube_FW_F3_V1.11.5/Drivers/CMSIS/Device/ST/STM32F3xx/Include -IC:/Users/hukas/STM32Cube/Repository/STM32Cube_FW_F3_V1.11.5/Drivers/CMSIS/Include -O0 -ffunction-sections -fdata-sections -Wall -fstack-usage -fcyclomatic-complexity -MMD -MP -MF"Core/Src/main.d" -MT"Core/Src/main.o" --specs=nano.specs -mfpu=fpv4-sp-d16 -mfloat-abi=hard -mthumb -o "Core/Src/main.o"
arm-none-eabi-gcc -o "CAN_TEST_2.elf" @"objects.list"   -mcpu=cortex-m4 -T"C:\CubeIDE_Folder_program\CAN_Tst_2\CAN_TEST_2\STM32F303K8TX_FLASH.ld" --specs=nosys.specs -Wl,-Map="CAN_TEST_2.map" -Wl,--gc-sections -static --specs=nano.specs -mfpu=fpv4-sp-d16 -mfloat-abi=hard -mthumb -Wl,--start-group -lc -lm -Wl,--end-group
Finished building target: CAN_TEST_2.elf
 
arm-none-eabi-size  CAN_TEST_2.elf 
arm-none-eabi-objdump -h -S CAN_TEST_2.elf  > "CAN_TEST_2.list"
   text	   data	    bss	    dec	    hex	filename
  18468	    104	   2120	  20692	   50d4	CAN_TEST_2.elf
Finished building: default.size.stdout
 
Finished building: CAN_TEST_2.list
 
17:55:01 **** Incremental Build of configuration Debug for project CAN_TEST_2 ****
make -j16 all 
arm-none-eabi-size  CAN_TEST_2.elf 
   text	   data	    bss	    dec	    hex	filename
  18468	    104	   2120	  20692	   50d4	CAN_TEST_2.elf
Finished building: default.size.stdout
 
18:02:32 **** Incremental Build of configuration Debug for project CAN_TEST_2 ****
make -j16 all 
arm-none-eabi-gcc "../Core/Src/main.c" -mcpu=cortex-m4 -std=gnu11 -g3 -DDEBUG -DUSE_HAL_DRIVER -DSTM32F303x8 -c -I../Core/Inc -IC:/Users/hukas/STM32Cube/Repository/STM32Cube_FW_F3_V1.11.5/Drivers/STM32F3xx_HAL_Driver/Inc -IC:/Users/hukas/STM32Cube/Repository/STM32Cube_FW_F3_V1.11.5/Drivers/STM32F3xx_HAL_Driver/Inc/Legacy -IC:/Users/hukas/STM32Cube/Repository/STM32Cube_FW_F3_V1.11.5/Drivers/CMSIS/Device/ST/STM32F3xx/Include -IC:/Users/hukas/STM32Cube/Repository/STM32Cube_FW_F3_V1.11.5/Drivers/CMSIS/Include -O0 -ffunction-sections -fdata-sections -Wall -fstack-usage -fcyclomatic-complexity -MMD -MP -MF"Core/Src/main.d" -MT"Core/Src/main.o" --specs=nano.specs -mfpu=fpv4-sp-d16 -mfloat-abi=hard -mthumb -o "Core/Src/main.o"
arm-none-eabi-gcc -o "CAN_TEST_2.elf" @"objects.list"   -mcpu=cortex-m4 -T"C:\CubeIDE_Folder_program\CAN_Tst_2\CAN_TEST_2\STM32F303K8TX_FLASH.ld" --specs=nosys.specs -Wl,-Map="CAN_TEST_2.map" -Wl,--gc-sections -static --specs=nano.specs -mfpu=fpv4-sp-d16 -mfloat-abi=hard -mthumb -Wl,--start-group -lc -lm -Wl,--end-group
Finished building target: CAN_TEST_2.elf
 
arm-none-eabi-size  CAN_TEST_2.elf 
arm-none-eabi-objdump -h -S CAN_TEST_2.elf  > "CAN_TEST_2.list"
   text	   data	    bss	    dec	    hex	filename
  19040	    104	   2096	  21240	   52f8	CAN_TEST_2.elf
Finished building: default.size.stdout
 
Finished building: CAN_TEST_2.list
 
18:03:12 **** Incremental Build of configuration Debug for project CAN_TEST_2 ****
make -j16 all 
arm-none-eabi-size  CAN_TEST_2.elf 
   text	   data	    bss	    dec	    hex	filename
  19040	    104	   2096	  21240	   52f8	CAN_TEST_2.elf
Finished building: default.size.stdout
 
18:04:04 **** Incremental Build of configuration Debug for project CAN_TEST_2 ****
make -j16 all 
arm-none-eabi-gcc "../Core/Src/main.c" -mcpu=cortex-m4 -std=gnu11 -g3 -DDEBUG -DUSE_HAL_DRIVER -DSTM32F303x8 -c -I../Core/Inc -IC:/Users/hukas/STM32Cube/Repository/STM32Cube_FW_F3_V1.11.5/Drivers/STM32F3xx_HAL_Driver/Inc -IC:/Users/hukas/STM32Cube/Repository/STM32Cube_FW_F3_V1.11.5/Drivers/STM32F3xx_HAL_Driver/Inc/Legacy -IC:/Users/hukas/STM32Cube/Repository/STM32Cube_FW_F3_V1.11.5/Drivers/CMSIS/Device/ST/STM32F3xx/Include -IC:/Users/hukas/STM32Cube/Repository/STM32Cube_FW_F3_V1.11.5/Drivers/CMSIS/Include -O0 -ffunction-sections -fdata-sections -Wall -fstack-usage -fcyclomatic-complexity -MMD -MP -MF"Core/Src/main.d" -MT"Core/Src/main.o" --specs=nano.specs -mfpu=fpv4-sp-d16 -mfloat-abi=hard -mthumb -o "Core/Src/main.o"
arm-none-eabi-gcc -o "CAN_TEST_2.elf" @"objects.list"   -mcpu=cortex-m4 -T"C:\CubeIDE_Folder_program\CAN_Tst_2\CAN_TEST_2\STM32F303K8TX_FLASH.ld" --specs=nosys.specs -Wl,-Map="CAN_TEST_2.map" -Wl,--gc-sections -static --specs=nano.specs -mfpu=fpv4-sp-d16 -mfloat-abi=hard -mthumb -Wl,--start-group -lc -lm -Wl,--end-group
Finished building target: CAN_TEST_2.elf
 
arm-none-eabi-size  CAN_TEST_2.elf 
arm-none-eabi-objdump -h -S CAN_TEST_2.elf  > "CAN_TEST_2.list"
   text	   data	    bss	    dec	    hex	filename
  19040	    104	   2096	  21240	   52f8	CAN_TEST_2.elf
Finished building: default.size.stdout
 
Finished building: CAN_TEST_2.list
 
18:04:44 **** Incremental Build of configuration Debug for project CAN_TEST_2 ****
make -j16 all 
arm-none-eabi-size  CAN_TEST_2.elf 
   text	   data	    bss	    dec	    hex	filename
  19040	    104	   2096	  21240	   52f8	CAN_TEST_2.elf
Finished building: default.size.stdout
 
18:07:50 **** Incremental Build of configuration Debug for project CAN_TEST_2 ****
make -j16 all 
arm-none-eabi-gcc "../Core/Src/main.c" -mcpu=cortex-m4 -std=gnu11 -g3 -DDEBUG -DUSE_HAL_DRIVER -DSTM32F303x8 -c -I../Core/Inc -IC:/Users/hukas/STM32Cube/Repository/STM32Cube_FW_F3_V1.11.5/Drivers/STM32F3xx_HAL_Driver/Inc -IC:/Users/hukas/STM32Cube/Repository/STM32Cube_FW_F3_V1.11.5/Drivers/STM32F3xx_HAL_Driver/Inc/Legacy -IC:/Users/hukas/STM32Cube/Repository/STM32Cube_FW_F3_V1.11.5/Drivers/CMSIS/Device/ST/STM32F3xx/Include -IC:/Users/hukas/STM32Cube/Repository/STM32Cube_FW_F3_V1.11.5/Drivers/CMSIS/Include -O0 -ffunction-sections -fdata-sections -Wall -fstack-usage -fcyclomatic-complexity -MMD -MP -MF"Core/Src/main.d" -MT"Core/Src/main.o" --specs=nano.specs -mfpu=fpv4-sp-d16 -mfloat-abi=hard -mthumb -o "Core/Src/main.o"
arm-none-eabi-gcc -o "CAN_TEST_2.elf" @"objects.list"   -mcpu=cortex-m4 -T"C:\CubeIDE_Folder_program\CAN_Tst_2\CAN_TEST_2\STM32F303K8TX_FLASH.ld" --specs=nosys.specs -Wl,-Map="CAN_TEST_2.map" -Wl,--gc-sections -static --specs=nano.specs -mfpu=fpv4-sp-d16 -mfloat-abi=hard -mthumb -Wl,--start-group -lc -lm -Wl,--end-group
Finished building target: CAN_TEST_2.elf
 
arm-none-eabi-size  CAN_TEST_2.elf 
arm-none-eabi-objdump -h -S CAN_TEST_2.elf  > "CAN_TEST_2.list"
   text	   data	    bss	    dec	    hex	filename
  19040	    104	   2096	  21240	   52f8	CAN_TEST_2.elf
Finished building: default.size.stdout
 
Finished building: CAN_TEST_2.list
 
18:12:00 **** Incremental Build of configuration Debug for project CAN_TEST_2 ****
make -j16 all 
arm-none-eabi-size  CAN_TEST_2.elf 
   text	   data	    bss	    dec	    hex	filename
  19040	    104	   2096	  21240	   52f8	CAN_TEST_2.elf
Finished building: default.size.stdout
 
18:12:41 **** Incremental Build of configuration Debug for project CAN_TEST_2 ****
make -j16 all 
arm-none-eabi-size  CAN_TEST_2.elf 
   text	   data	    bss	    dec	    hex	filename
  19040	    104	   2096	  21240	   52f8	CAN_TEST_2.elf
Finished building: default.size.stdout
 
18:13:32 **** Incremental Build of configuration Debug for project CAN_TEST_2 ****
make -j16 all 
arm-none-eabi-size  CAN_TEST_2.elf 
   text	   data	    bss	    dec	    hex	filename
  19040	    104	   2096	  21240	   52f8	CAN_TEST_2.elf
Finished building: default.size.stdout
 
18:14:21 **** Incremental Build of configuration Debug for project CAN_TEST_2 ****
make -j16 all 
arm-none-eabi-size  CAN_TEST_2.elf 
   text	   data	    bss	    dec	    hex	filename
  19040	    104	   2096	  21240	   52f8	CAN_TEST_2.elf
Finished building: default.size.stdout
 
18:15:03 **** Incremental Build of configuration Debug for project CAN_TEST_2 ****
make -j16 all 
arm-none-eabi-size  CAN_TEST_2.elf 
   text	   data	    bss	    dec	    hex	filename
  19040	    104	   2096	  21240	   52f8	CAN_TEST_2.elf
Finished building: default.size.stdout
 
18:17:11 **** Incremental Build of configuration Debug for project CAN_TEST_2 ****
make -j16 all 
arm-none-eabi-gcc "../Core/Src/main.c" -mcpu=cortex-m4 -std=gnu11 -g3 -DDEBUG -DUSE_HAL_DRIVER -DSTM32F303x8 -c -I../Core/Inc -IC:/Users/hukas/STM32Cube/Repository/STM32Cube_FW_F3_V1.11.5/Drivers/STM32F3xx_HAL_Driver/Inc -IC:/Users/hukas/STM32Cube/Repository/STM32Cube_FW_F3_V1.11.5/Drivers/STM32F3xx_HAL_Driver/Inc/Legacy -IC:/Users/hukas/STM32Cube/Repository/STM32Cube_FW_F3_V1.11.5/Drivers/CMSIS/Device/ST/STM32F3xx/Include -IC:/Users/hukas/STM32Cube/Repository/STM32Cube_FW_F3_V1.11.5/Drivers/CMSIS/Include -O0 -ffunction-sections -fdata-sections -Wall -fstack-usage -fcyclomatic-complexity -MMD -MP -MF"Core/Src/main.d" -MT"Core/Src/main.o" --specs=nano.specs -mfpu=fpv4-sp-d16 -mfloat-abi=hard -mthumb -o "Core/Src/main.o"
../Core/Src/main.c: In function 'CAN_TX':
../Core/Src/main.c:61:9: error: expected expression before '}' token
   61 |         }
      |         ^
make: *** [Core/Src/subdir.mk:34: Core/Src/main.o] Error 1
"make -j16 all" terminated with exit code 2. Build might be incomplete.
18:17:29 **** Incremental Build of configuration Debug for project CAN_TEST_2 ****
make -j16 all 
arm-none-eabi-gcc "../Core/Src/main.c" -mcpu=cortex-m4 -std=gnu11 -g3 -DDEBUG -DUSE_HAL_DRIVER -DSTM32F303x8 -c -I../Core/Inc -IC:/Users/hukas/STM32Cube/Repository/STM32Cube_FW_F3_V1.11.5/Drivers/STM32F3xx_HAL_Driver/Inc -IC:/Users/hukas/STM32Cube/Repository/STM32Cube_FW_F3_V1.11.5/Drivers/STM32F3xx_HAL_Driver/Inc/Legacy -IC:/Users/hukas/STM32Cube/Repository/STM32Cube_FW_F3_V1.11.5/Drivers/CMSIS/Device/ST/STM32F3xx/Include -IC:/Users/hukas/STM32Cube/Repository/STM32Cube_FW_F3_V1.11.5/Drivers/CMSIS/Include -O0 -ffunction-sections -fdata-sections -Wall -fstack-usage -fcyclomatic-complexity -MMD -MP -MF"Core/Src/main.d" -MT"Core/Src/main.o" --specs=nano.specs -mfpu=fpv4-sp-d16 -mfloat-abi=hard -mthumb -o "Core/Src/main.o"
arm-none-eabi-gcc -o "CAN_TEST_2.elf" @"objects.list"   -mcpu=cortex-m4 -T"C:\CubeIDE_Folder_program\CAN_Tst_2\CAN_TEST_2\STM32F303K8TX_FLASH.ld" --specs=nosys.specs -Wl,-Map="CAN_TEST_2.map" -Wl,--gc-sections -static --specs=nano.specs -mfpu=fpv4-sp-d16 -mfloat-abi=hard -mthumb -Wl,--start-group -lc -lm -Wl,--end-group
Finished building target: CAN_TEST_2.elf
 
arm-none-eabi-size  CAN_TEST_2.elf 
arm-none-eabi-objdump -h -S CAN_TEST_2.elf  > "CAN_TEST_2.list"
   text	   data	    bss	    dec	    hex	filename
  19072	    104	   2096	  21272	   5318	CAN_TEST_2.elf
Finished building: default.size.stdout
 
Finished building: CAN_TEST_2.list
 
18:18:00 **** Incremental Build of configuration Debug for project CAN_TEST_2 ****
make -j16 all 
arm-none-eabi-size  CAN_TEST_2.elf 
   text	   data	    bss	    dec	    hex	filename
  19072	    104	   2096	  21272	   5318	CAN_TEST_2.elf
Finished building: default.size.stdout
 
18:18:35 **** Incremental Build of configuration Debug for project CAN_TEST_2 ****
make -j16 all 
arm-none-eabi-size  CAN_TEST_2.elf 
   text	   data	    bss	    dec	    hex	filename
  19072	    104	   2096	  21272	   5318	CAN_TEST_2.elf
Finished building: default.size.stdout
 
18:19:01 **** Incremental Build of configuration Debug for project CAN_TEST_2 ****
make -j16 all 
arm-none-eabi-size  CAN_TEST_2.elf 
   text	   data	    bss	    dec	    hex	filename
  19072	    104	   2096	  21272	   5318	CAN_TEST_2.elf
Finished building: default.size.stdout
 
18:22:55 **** Incremental Build of configuration Debug for project CAN_TEST_2 ****
make -j16 all 
arm-none-eabi-size  CAN_TEST_2.elf 
   text	   data	    bss	    dec	    hex	filename
  19072	    104	   2096	  21272	   5318	CAN_TEST_2.elf
Finished building: default.size.stdout
 
18:23:24 **** Incremental Build of configuration Debug for project CAN_TEST_2 ****
make -j16 all 
arm-none-eabi-gcc "../Core/Src/main.c" -mcpu=cortex-m4 -std=gnu11 -g3 -DDEBUG -DUSE_HAL_DRIVER -DSTM32F303x8 -c -I../Core/Inc -IC:/Users/hukas/STM32Cube/Repository/STM32Cube_FW_F3_V1.11.5/Drivers/STM32F3xx_HAL_Driver/Inc -IC:/Users/hukas/STM32Cube/Repository/STM32Cube_FW_F3_V1.11.5/Drivers/STM32F3xx_HAL_Driver/Inc/Legacy -IC:/Users/hukas/STM32Cube/Repository/STM32Cube_FW_F3_V1.11.5/Drivers/CMSIS/Device/ST/STM32F3xx/Include -IC:/Users/hukas/STM32Cube/Repository/STM32Cube_FW_F3_V1.11.5/Drivers/CMSIS/Include -O0 -ffunction-sections -fdata-sections -Wall -fstack-usage -fcyclomatic-complexity -MMD -MP -MF"Core/Src/main.d" -MT"Core/Src/main.o" --specs=nano.specs -mfpu=fpv4-sp-d16 -mfloat-abi=hard -mthumb -o "Core/Src/main.o"
../Core/Src/main.c: In function 'CAN_TX':
../Core/Src/main.c:60:1: error: lvalue required as decrement operand
   60 | --0+
      | ^~
../Core/Src/main.c:61:9: error: expected expression before '}' token
   61 |         }
      |         ^
make: *** [Core/Src/subdir.mk:34: Core/Src/main.o] Error 1
"make -j16 all" terminated with exit code 2. Build might be incomplete.
18:23:41 **** Incremental Build of configuration Debug for project CAN_TEST_2 ****
make -j16 all 
arm-none-eabi-gcc "../Core/Src/main.c" -mcpu=cortex-m4 -std=gnu11 -g3 -DDEBUG -DUSE_HAL_DRIVER -DSTM32F303x8 -c -I../Core/Inc -IC:/Users/hukas/STM32Cube/Repository/STM32Cube_FW_F3_V1.11.5/Drivers/STM32F3xx_HAL_Driver/Inc -IC:/Users/hukas/STM32Cube/Repository/STM32Cube_FW_F3_V1.11.5/Drivers/STM32F3xx_HAL_Driver/Inc/Legacy -IC:/Users/hukas/STM32Cube/Repository/STM32Cube_FW_F3_V1.11.5/Drivers/CMSIS/Device/ST/STM32F3xx/Include -IC:/Users/hukas/STM32Cube/Repository/STM32Cube_FW_F3_V1.11.5/Drivers/CMSIS/Include -O0 -ffunction-sections -fdata-sections -Wall -fstack-usage -fcyclomatic-complexity -MMD -MP -MF"Core/Src/main.d" -MT"Core/Src/main.o" --specs=nano.specs -mfpu=fpv4-sp-d16 -mfloat-abi=hard -mthumb -o "Core/Src/main.o"
arm-none-eabi-gcc -o "CAN_TEST_2.elf" @"objects.list"   -mcpu=cortex-m4 -T"C:\CubeIDE_Folder_program\CAN_Tst_2\CAN_TEST_2\STM32F303K8TX_FLASH.ld" --specs=nosys.specs -Wl,-Map="CAN_TEST_2.map" -Wl,--gc-sections -static --specs=nano.specs -mfpu=fpv4-sp-d16 -mfloat-abi=hard -mthumb -Wl,--start-group -lc -lm -Wl,--end-group
Finished building target: CAN_TEST_2.elf
 
arm-none-eabi-size  CAN_TEST_2.elf 
arm-none-eabi-objdump -h -S CAN_TEST_2.elf  > "CAN_TEST_2.list"
   text	   data	    bss	    dec	    hex	filename
  19072	    104	   2096	  21272	   5318	CAN_TEST_2.elf
Finished building: default.size.stdout
 
Finished building: CAN_TEST_2.list
 
18:24:50 **** Incremental Build of configuration Debug for project CAN_TEST_2 ****
make -j16 all 
arm-none-eabi-gcc "../Core/Src/main.c" -mcpu=cortex-m4 -std=gnu11 -g3 -DDEBUG -DUSE_HAL_DRIVER -DSTM32F303x8 -c -I../Core/Inc -IC:/Users/hukas/STM32Cube/Repository/STM32Cube_FW_F3_V1.11.5/Drivers/STM32F3xx_HAL_Driver/Inc -IC:/Users/hukas/STM32Cube/Repository/STM32Cube_FW_F3_V1.11.5/Drivers/STM32F3xx_HAL_Driver/Inc/Legacy -IC:/Users/hukas/STM32Cube/Repository/STM32Cube_FW_F3_V1.11.5/Drivers/CMSIS/Device/ST/STM32F3xx/Include -IC:/Users/hukas/STM32Cube/Repository/STM32Cube_FW_F3_V1.11.5/Drivers/CMSIS/Include -O0 -ffunction-sections -fdata-sections -Wall -fstack-usage -fcyclomatic-complexity -MMD -MP -MF"Core/Src/main.d" -MT"Core/Src/main.o" --specs=nano.specs -mfpu=fpv4-sp-d16 -mfloat-abi=hard -mthumb -o "Core/Src/main.o"
arm-none-eabi-gcc -o "CAN_TEST_2.elf" @"objects.list"   -mcpu=cortex-m4 -T"C:\CubeIDE_Folder_program\CAN_Tst_2\CAN_TEST_2\STM32F303K8TX_FLASH.ld" --specs=nosys.specs -Wl,-Map="CAN_TEST_2.map" -Wl,--gc-sections -static --specs=nano.specs -mfpu=fpv4-sp-d16 -mfloat-abi=hard -mthumb -Wl,--start-group -lc -lm -Wl,--end-group
Finished building target: CAN_TEST_2.elf
 
arm-none-eabi-size  CAN_TEST_2.elf 
arm-none-eabi-objdump -h -S CAN_TEST_2.elf  > "CAN_TEST_2.list"
   text	   data	    bss	    dec	    hex	filename
  19072	    104	   2096	  21272	   5318	CAN_TEST_2.elf
Finished building: default.size.stdout
 
Finished building: CAN_TEST_2.list
 
18:25:27 **** Incremental Build of configuration Debug for project CAN_TEST_2 ****
make -j16 all 
arm-none-eabi-size  CAN_TEST_2.elf 
   text	   data	    bss	    dec	    hex	filename
  19072	    104	   2096	  21272	   5318	CAN_TEST_2.elf
Finished building: default.size.stdout
 
18:29:34 **** Incremental Build of configuration Debug for project CAN_TEST_2 ****
make -j16 all 
arm-none-eabi-size  CAN_TEST_2.elf 
   text	   data	    bss	    dec	    hex	filename
  19072	    104	   2096	  21272	   5318	CAN_TEST_2.elf
Finished building: default.size.stdout
 
11:49:10 **** Incremental Build of configuration Debug for project CAN_TEST_2 ****
make -j16 all 
arm-none-eabi-size  CAN_TEST_2.elf 
   text	   data	    bss	    dec	    hex	filename
  19072	    104	   2096	  21272	   5318	CAN_TEST_2.elf
Finished building: default.size.stdout
 
11:58:10 **** Incremental Build of configuration Debug for project CAN_TEST_2 ****
make -j16 all 
arm-none-eabi-gcc "../Core/Src/main.c" -mcpu=cortex-m4 -std=gnu11 -g3 -DDEBUG -DUSE_HAL_DRIVER -DSTM32F303x8 -c -I../Core/Inc -IC:/Users/hukas/STM32Cube/Repository/STM32Cube_FW_F3_V1.11.5/Drivers/STM32F3xx_HAL_Driver/Inc -IC:/Users/hukas/STM32Cube/Repository/STM32Cube_FW_F3_V1.11.5/Drivers/STM32F3xx_HAL_Driver/Inc/Legacy -IC:/Users/hukas/STM32Cube/Repository/STM32Cube_FW_F3_V1.11.5/Drivers/CMSIS/Device/ST/STM32F3xx/Include -IC:/Users/hukas/STM32Cube/Repository/STM32Cube_FW_F3_V1.11.5/Drivers/CMSIS/Include -O0 -ffunction-sections -fdata-sections -Wall -fstack-usage -fcyclomatic-complexity -MMD -MP -MF"Core/Src/main.d" -MT"Core/Src/main.o" --specs=nano.specs -mfpu=fpv4-sp-d16 -mfloat-abi=hard -mthumb -o "Core/Src/main.o"
../Core/Src/main.c:327:10: fatal error: CAN.h: No such file or directory
  327 | #include <CAN.h>
      |          ^~~~~~~
compilation terminated.
make: *** [Core/Src/subdir.mk:34: Core/Src/main.o] Error 1
"make -j16 all" terminated with exit code 2. Build might be incomplete.
11:58:20 **** Incremental Build of configuration Debug for project CAN_TEST_2 ****
make -j16 all 
arm-none-eabi-gcc "../Core/Src/main.c" -mcpu=cortex-m4 -std=gnu11 -g3 -DDEBUG -DUSE_HAL_DRIVER -DSTM32F303x8 -c -I../Core/Inc -IC:/Users/hukas/STM32Cube/Repository/STM32Cube_FW_F3_V1.11.5/Drivers/STM32F3xx_HAL_Driver/Inc -IC:/Users/hukas/STM32Cube/Repository/STM32Cube_FW_F3_V1.11.5/Drivers/STM32F3xx_HAL_Driver/Inc/Legacy -IC:/Users/hukas/STM32Cube/Repository/STM32Cube_FW_F3_V1.11.5/Drivers/CMSIS/Device/ST/STM32F3xx/Include -IC:/Users/hukas/STM32Cube/Repository/STM32Cube_FW_F3_V1.11.5/Drivers/CMSIS/Include -O0 -ffunction-sections -fdata-sections -Wall -fstack-usage -fcyclomatic-complexity -MMD -MP -MF"Core/Src/main.d" -MT"Core/Src/main.o" --specs=nano.specs -mfpu=fpv4-sp-d16 -mfloat-abi=hard -mthumb -o "Core/Src/main.o"
../Core/Src/main.c:327:10: fatal error: CAN.h: No such file or directory
  327 | #include <CAN.h>
      |          ^~~~~~~
compilation terminated.
make: *** [Core/Src/subdir.mk:34: Core/Src/main.o] Error 1
"make -j16 all" terminated with exit code 2. Build might be incomplete.
11:58:45 **** Incremental Build of configuration Debug for project CAN_TEST_2 ****
make -j16 all 
arm-none-eabi-gcc "../Core/Src/main.c" -mcpu=cortex-m4 -std=gnu11 -g3 -DDEBUG -DUSE_HAL_DRIVER -DSTM32F303x8 -c -I../Core/Inc -IC:/Users/hukas/STM32Cube/Repository/STM32Cube_FW_F3_V1.11.5/Drivers/STM32F3xx_HAL_Driver/Inc -IC:/Users/hukas/STM32Cube/Repository/STM32Cube_FW_F3_V1.11.5/Drivers/STM32F3xx_HAL_Driver/Inc/Legacy -IC:/Users/hukas/STM32Cube/Repository/STM32Cube_FW_F3_V1.11.5/Drivers/CMSIS/Device/ST/STM32F3xx/Include -IC:/Users/hukas/STM32Cube/Repository/STM32Cube_FW_F3_V1.11.5/Drivers/CMSIS/Include -O0 -ffunction-sections -fdata-sections -Wall -fstack-usage -fcyclomatic-complexity -MMD -MP -MF"Core/Src/main.d" -MT"Core/Src/main.o" --specs=nano.specs -mfpu=fpv4-sp-d16 -mfloat-abi=hard -mthumb -o "Core/Src/main.o"
../Core/Src/main.c: In function 'CAN_TX':
../Core/Src/main.c:377:42: warning: format '%X' expects argument of type 'unsigned int', but argument 2 has type 'uint32_t' {aka 'long unsigned int'} [-Wformat=]
  377 |             printf("CAN送信成功: ID=0x%03X\r\n", recipient);
      |                                       ~~~^       ~~~~~~~~~
      |                                          |       |
      |                                          |       uint32_t {aka long unsigned int}
      |                                          unsigned int
      |                                       %03lX
../Core/Src/main.c: In function 'HAL_CAN_RxFifo0MsgPendingCallback':
../Core/Src/main.c:401:38: warning: format '%X' expects argument of type 'unsigned int', but argument 2 has type 'uint32_t' {aka 'long unsigned int'} [-Wformat=]
  401 |             printf("CAN受信: ID=0x%03X, Count=%lu\r\n", id, message_count);
      |                                   ~~~^                  ~~
      |                                      |                  |
      |                                      unsigned int       uint32_t {aka long unsigned int}
      |                                   %03lX
arm-none-eabi-gcc -o "CAN_TEST_2.elf" @"objects.list"   -mcpu=cortex-m4 -T"C:\CubeIDE_Folder_program\CAN_Tst_2\CAN_TEST_2\STM32F303K8TX_FLASH.ld" --specs=nosys.specs -Wl,-Map="CAN_TEST_2.map" -Wl,--gc-sections -static --specs=nano.specs -mfpu=fpv4-sp-d16 -mfloat-abi=hard -mthumb -Wl,--start-group -lc -lm -Wl,--end-group
Finished building target: CAN_TEST_2.elf
 
arm-none-eabi-size  CAN_TEST_2.elf 
arm-none-eabi-objdump -h -S CAN_TEST_2.elf  > "CAN_TEST_2.list"
   text	   data	    bss	    dec	    hex	filename
  18772	    104	   2096	  20972	   51ec	CAN_TEST_2.elf
Finished building: default.size.stdout
 
Finished building: CAN_TEST_2.list
 
12:06:27 **** Incremental Build of configuration Debug for project CAN_TEST_2 ****
make -j16 all 
arm-none-eabi-gcc "../Core/Src/main.c" -mcpu=cortex-m4 -std=gnu11 -g3 -DDEBUG -DUSE_HAL_DRIVER -DSTM32F303x8 -c -I../Core/Inc -IC:/Users/hukas/STM32Cube/Repository/STM32Cube_FW_F3_V1.11.5/Drivers/STM32F3xx_HAL_Driver/Inc -IC:/Users/hukas/STM32Cube/Repository/STM32Cube_FW_F3_V1.11.5/Drivers/STM32F3xx_HAL_Driver/Inc/Legacy -IC:/Users/hukas/STM32Cube/Repository/STM32Cube_FW_F3_V1.11.5/Drivers/CMSIS/Device/ST/STM32F3xx/Include -IC:/Users/hukas/STM32Cube/Repository/STM32Cube_FW_F3_V1.11.5/Drivers/CMSIS/Include -O0 -ffunction-sections -fdata-sections -Wall -fstack-usage -fcyclomatic-complexity -MMD -MP -MF"Core/Src/main.d" -MT"Core/Src/main.o" --specs=nano.specs -mfpu=fpv4-sp-d16 -mfloat-abi=hard -mthumb -o "Core/Src/main.o"
arm-none-eabi-gcc -o "CAN_TEST_2.elf" @"objects.list"   -mcpu=cortex-m4 -T"C:\CubeIDE_Folder_program\CAN_Tst_2\CAN_TEST_2\STM32F303K8TX_FLASH.ld" --specs=nosys.specs -Wl,-Map="CAN_TEST_2.map" -Wl,--gc-sections -static --specs=nano.specs -mfpu=fpv4-sp-d16 -mfloat-abi=hard -mthumb -Wl,--start-group -lc -lm -Wl,--end-group
Finished building target: CAN_TEST_2.elf
 
arm-none-eabi-size  CAN_TEST_2.elf 
arm-none-eabi-objdump -h -S CAN_TEST_2.elf  > "CAN_TEST_2.list"
   text	   data	    bss	    dec	    hex	filename
  19072	    104	   2096	  21272	   5318	CAN_TEST_2.elf
Finished building: default.size.stdout
 
Finished building: CAN_TEST_2.list
 
